#
# A fatal error has been detected by the Java Runtime Environment:
#
#  EXCEPTION_ACCESS_VIOLATION (0xc0000005) at pc=0x00007ff99eb5c25b, pid=4820, tid=13448
#
# JRE version: Java(TM) SE Runtime Environment (15.0.1+9) (build 15.0.1+9-18)
# Java VM: Java HotSpot(TM) 64-Bit Server VM (15.0.1+9-18, mixed mode, sharing, tiered, compressed oops, g1 gc, windows-amd64)
# Problematic frame:
# V  [jvm.dll+0x5dc25b]
#
# No core dump will be written. Minidumps are not enabled by default on client versions of Windows
#
# If you would like to submit a bug report, please visit:
#   https://bugreport.java.com/bugreport/crash.jsp
#

---------------  S U M M A R Y ------------

Command Line: -Dfile.encoding=UTF-8 -agentpath:C:/Program Files/NetBeans-12.2/netbeans/profiler/lib/deployed/jdk16/windows-amd64/profilerinterface.dll=C:\Program Files\NetBeans-12.2\netbeans\profiler\lib,5140,10 -XX:+HeapDumpOnOutOfMemoryError -XX:HeapDumpPath=C:\Users\jimmy\Desktop\othello\nbproject\private\profiler com.mrjaffesclass.othello.Othello

Host: AMD Ryzen 5 3600 6-Core Processor              , 12 cores, 31G,  Windows 10 , 64 bit Build 19041 (10.0.19041.928)
Time: Sun May  2 19:26:55 2021 Pacific Daylight Time elapsed time: 1.814382 seconds (0d 0h 0m 1s)

---------------  T H R E A D  ---------------

Current thread (0x00000219c6ed6d60):  JavaThread "*** Profiler Agent Communication Thread" daemon [_thread_in_vm, id=13448, stack(0x00000094f8300000,0x00000094f8400000)]

Stack: [0x00000094f8300000,0x00000094f8400000],  sp=0x00000094f83feb70,  free space=1018k
Native frames: (J=compiled Java code, j=interpreted, Vv=VM code, C=native code)
V  [jvm.dll+0x5dc25b]
V  [jvm.dll+0x49be8b]
C  [profilerinterface.dll+0x34da]

Java frames: (J=compiled Java code, j=interpreted, Vv=VM code)
j  org.netbeans.lib.profiler.server.system.Stacks.getMethodNamesForJMethodIds(I[I[I)[B+0
j  org.netbeans.lib.profiler.server.ProfilerInterface.getMethodNamesForJMethodIds([I)Lorg/netbeans/lib/profiler/wireprotocol/MethodNamesResponse;+20
j  org.netbeans.lib.profiler.server.ProfilerServer.handleClientCommand(Lorg/netbeans/lib/profiler/wireprotocol/Command;)V+691
j  org.netbeans.lib.profiler.server.ProfilerServer.listenToClient()V+48
j  org.netbeans.lib.profiler.server.ProfilerServer.run()V+22
v  ~StubRoutines::call_stub

siginfo: EXCEPTION_ACCESS_VIOLATION (0xc0000005), reading address 0xffffffffc6e85ce0


Register to memory mapping:

RIP=0x00007ff99eb5c25b jvm.dll
RAX=0x00000094f83feb01 is pointing into the stack for thread: 0x00000219c6ed6d60
RBX=0x00000219c6ed6d60 is a thread
RCX=0xffffffffc6e85ce0 is an unknown value
RDX=0x00000219c6ed6d60 is a thread
RSP=0x00000094f83feb70 is pointing into the stack for thread: 0x00000219c6ed6d60
RBP=0xffffffffc6e85ce0 is an unknown value
RSI=0x00000094f83fec90 is pointing into the stack for thread: 0x00000219c6ed6d60
RDI=0x0000021997034c00 points into unknown readable memory: 0x00007ff99ef8b970 | 70 b9 f8 9e f9 7f 00 00
R8 =0x00000094f83fec90 is pointing into the stack for thread: 0x00000219c6ed6d60
R9 =0x0000000000000010 is an unknown value
R10=0x0 is NULL
R11=0x00000094f83feb68 is pointing into the stack for thread: 0x00000219c6ed6d60
R12=0x00000219c780ee70 points into unknown readable memory: 0x079d56d006e85ce0 | e0 5c e8 06 d0 56 9d 07
R13=0x0000000000000023 is an unknown value
R14=0x00007ff9f7fc9c68 profilerinterface.dll
R15=0x00007ff9f7fc9a60 profilerinterface.dll


Registers:
RAX=0x00000094f83feb01, RBX=0x00000219c6ed6d60, RCX=0xffffffffc6e85ce0, RDX=0x00000219c6ed6d60
RSP=0x00000094f83feb70, RBP=0xffffffffc6e85ce0, RSI=0x00000094f83fec90, RDI=0x0000021997034c00
R8 =0x00000094f83fec90, R9 =0x0000000000000010, R10=0x0000000000000000, R11=0x00000094f83feb68
R12=0x00000219c780ee70, R13=0x0000000000000023, R14=0x00007ff9f7fc9c68, R15=0x00007ff9f7fc9a60
RIP=0x00007ff99eb5c25b, EFLAGS=0x0000000000010282

Top of Stack: (sp=0x00000094f83feb70)
0x00000094f83feb70:   0000000000000023 00000219c780ee70
0x00000094f83feb80:   00000219c6ed6d60 00000094f83fed48
0x00000094f83feb90:   00000219c6ed6d60 00007ff99ea1be8b
0x00000094f83feba0:   0000000000000578 00000219c6ed6d60
0x00000094f83febb0:   00000219c6ed7088 00007ff9fd189d40
0x00000094f83febc0:   00000219c6ed6d60 0000000000000000
0x00000094f83febd0:   0000021900000000 0000000000000000
0x00000094f83febe0:   ffffffffc6e85ce0 00007ff9f7fc34da
0x00000094f83febf0:   0000000000000000 00000219c6ed7088
0x00000094f83fec00:   0000000000001804 00000219c687e020
0x00000094f83fec10:   00000219c780ee70 00007ff99e8cc8a7
0x00000094f83fec20:   000000000001bb5b 00000219a13be1c4
0x00000094f83fec30:   00000219c6ed6d60 0000000000001804
0x00000094f83fec40:   00000219c687e020 00000219c6ed6d60
0x00000094f83fec50:   00000219c6ed6d60 00000219c687e020
0x00000094f83fec60:   0000000000000000 00000219a1399f00 

Instructions: (pc=0x00007ff99eb5c25b)
0x00007ff99eb5c15b:   00 00 4d 85 f6 74 3c 49 8b 06 49 8b ce 48 89 7c
0x00007ff99eb5c16b:   24 38 ff 50 30 49 8b 16 49 8b ce 48 63 d8 ff 52
0x00007ff99eb5c17b:   08 48 8b cd 0f b6 f8 e8 29 d0 be ff 48 8b c8 44
0x00007ff99eb5c18b:   0f b6 cf 4c 8b c3 49 8b d6 e8 57 44 ff ff 48 8b
0x00007ff99eb5c19b:   7c 24 38 48 8b 6c 24 58 80 3d b9 6e 4a 00 00 74
0x00007ff99eb5c1ab:   18 48 8b 4c 24 20 48 8b d6 e8 a7 26 00 00 48 83
0x00007ff99eb5c1bb:   7e 08 00 74 04 33 db eb 09 48 8b 44 24 20 48 8b
0x00007ff99eb5c1cb:   58 18 48 8d 4c 24 20 e8 f9 84 d3 ff 4c 8b 74 24
0x00007ff99eb5c1db:   30 48 8b c3 48 8b 5c 24 50 48 83 c4 40 5e c3 cc
0x00007ff99eb5c1eb:   cc cc cc cc cc 48 8b 51 08 4c 8b c1 48 8b 42 08
0x00007ff99eb5c1fb:   0f b6 52 24 c0 ea 06 48 8b 48 18 8b 81 a4 00 00
0x00007ff99eb5c20b:   00 f6 c2 01 75 27 48 85 c9 74 14 8b c8 c1 e9 09
0x00007ff99eb5c21b:   f6 c1 01 74 0a 41 f7 40 20 02 04 00 00 74 0e 41
0x00007ff99eb5c22b:   8b 48 20 0b c8 f6 c1 10 74 03 b0 01 c3 41 83 78
0x00007ff99eb5c23b:   24 fe 0f 94 c0 c3 cc cc cc cc cc cc cc cc cc cc
0x00007ff99eb5c24b:   cc cc cc cc cc 40 53 48 83 ec 20 48 85 c9 74 24
0x00007ff99eb5c25b:   48 8b 19 48 85 db 74 1c 48 83 fb 37 74 16 48 8b
0x00007ff99eb5c26b:   13 48 8b cb ff 52 10 84 c0 74 09 48 8b c3 48 83
0x00007ff99eb5c27b:   c4 20 5b c3 33 c0 48 83 c4 20 5b c3 cc cc cc cc
0x00007ff99eb5c28b:   cc cc cc cc cc 40 53 55 41 56 41 57 48 83 ec 28
0x00007ff99eb5c29b:   48 8b 41 08 33 ed 4c 8b f1 48 8b 50 08 4c 8b 7a
0x00007ff99eb5c2ab:   18 49 8b 9f 70 01 00 00 48 85 db 0f 84 e5 00 00
0x00007ff99eb5c2bb:   00 8b 15 0a 3c 4f 00 65 48 8b 04 25 58 00 00 00
0x00007ff99eb5c2cb:   48 89 74 24 50 4c 89 64 24 60 4c 89 6c 24 20 41
0x00007ff99eb5c2db:   bd ff ff 00 00 4c 8d 24 d0 41 b8 40 00 00 00 48
0x00007ff99eb5c2eb:   89 7c 24 58 90 49 8b 56 08 48 8b 73 10 0f b7 42
0x00007ff99eb5c2fb:   2a 66 39 43 08 75 7c 0f b7 42 2c 66 39 43 0a 75
0x00007ff99eb5c30b:   72 0f b6 03 48 63 4b 04 49 8b 3c 24 88 44 11 38
0x00007ff99eb5c31b:   41 8b c0 80 3c 38 00 75 05 e8 c3 c3 1f 00 b8 08
0x00007ff99eb5c32b:   00 00 00 49 8b ce 48 8b 3c 38 48 8b d7 e8 c3 2b
0x00007ff99eb5c33b:   bc ff 48 83 7f 08 00 75 0a 48 85 c0 74 05 66 44
0x00007ff99eb5c34b:   01 68 16 48 85 ed 74 14 48 8b cb 48 89 75 10 e8 


Stack slot to memory mapping:
stack at sp + 0 slots: 0x0000000000000023 is an unknown value
stack at sp + 1 slots: 0x00000219c780ee70 points into unknown readable memory: 0x079d56d006e85ce0 | e0 5c e8 06 d0 56 9d 07
stack at sp + 2 slots: 0x00000219c6ed6d60 is a thread
stack at sp + 3 slots: 0x00000094f83fed48 is pointing into the stack for thread: 0x00000219c6ed6d60
stack at sp + 4 slots: 0x00000219c6ed6d60 is a thread
stack at sp + 5 slots: 0x00007ff99ea1be8b jvm.dll
stack at sp + 6 slots: 0x0000000000000578 is an unknown value
stack at sp + 7 slots: 0x00000219c6ed6d60 is a thread


---------------  P R O C E S S  ---------------

Threads class SMR info:
_java_thread_list=0x00000219c79a39d0, length=17, elements={
0x000002199703e5a0, 0x00000219c64b91a0, 0x00000219c64b9d70, 0x00000219c64d0000,
0x00000219c64d2ac0, 0x00000219c64d4580, 0x00000219c64d6760, 0x00000219c64e2770,
0x00000219c64ecd90, 0x00000219c6eb7150, 0x00000219c6ed6d60, 0x00000219c6fc3bf0,
0x00000219c6fc40c0, 0x00000219c79e8380, 0x00000219c79c77b0, 0x00000219c7a47360,
0x00000219c7a47870
}

Java Threads: ( => current thread )
  0x000002199703e5a0 JavaThread "main" [_thread_blocked, id=10376, stack(0x00000094f7300000,0x00000094f7400000)]
  0x00000219c64b91a0 JavaThread "Reference Handler" daemon [_thread_blocked, id=13252, stack(0x00000094f7a00000,0x00000094f7b00000)]
  0x00000219c64b9d70 JavaThread "Finalizer" daemon [_thread_blocked, id=4776, stack(0x00000094f7b00000,0x00000094f7c00000)]
  0x00000219c64d0000 JavaThread "Signal Dispatcher" daemon [_thread_blocked, id=17780, stack(0x00000094f7c00000,0x00000094f7d00000)]
  0x00000219c64d2ac0 JavaThread "Attach Listener" daemon [_thread_blocked, id=13692, stack(0x00000094f7d00000,0x00000094f7e00000)]
  0x00000219c64d4580 JavaThread "Service Thread" daemon [_thread_blocked, id=7060, stack(0x00000094f7e00000,0x00000094f7f00000)]
  0x00000219c64d6760 JavaThread "C2 CompilerThread0" daemon [_thread_blocked, id=14792, stack(0x00000094f7f00000,0x00000094f8000000)]
  0x00000219c64e2770 JavaThread "C1 CompilerThread0" daemon [_thread_blocked, id=9408, stack(0x00000094f8000000,0x00000094f8100000)]
  0x00000219c64ecd90 JavaThread "Sweeper thread" daemon [_thread_blocked, id=13088, stack(0x00000094f8100000,0x00000094f8200000)]
  0x00000219c6eb7150 JavaThread "Common-Cleaner" daemon [_thread_blocked, id=2156, stack(0x00000094f8200000,0x00000094f8300000)]
=>0x00000219c6ed6d60 JavaThread "*** Profiler Agent Communication Thread" daemon [_thread_in_vm, id=13448, stack(0x00000094f8300000,0x00000094f8400000)]
  0x00000219c6fc3bf0 JavaThread "*** JFluid Monitor thread ***" daemon [_thread_blocked, id=14008, stack(0x00000094f8400000,0x00000094f8500000)]
  0x00000219c6fc40c0 JavaThread "*** Profiler Agent Special Execution Thread 6" daemon [_thread_blocked, id=16160, stack(0x00000094f8500000,0x00000094f8600000)]
  0x00000219c79e8380 JavaThread "*** Profiler Agent Special Execution Thread 10" daemon [_thread_blocked, id=11428, stack(0x00000094f8800000,0x00000094f8900000)]
  0x00000219c79c77b0 JavaThread "Notification Thread" daemon [_thread_blocked, id=9656, stack(0x00000094f8600000,0x00000094f8700000)]
  0x00000219c7a47360 JavaThread "C2 CompilerThread1" daemon [_thread_blocked, id=11092, stack(0x00000094f8900000,0x00000094f8a00000)]
  0x00000219c7a47870 JavaThread "C2 CompilerThread2" daemon [_thread_blocked, id=15140, stack(0x00000094f8a00000,0x00000094f8b00000)]

Other Threads:
  0x00000219c64b4420 VMThread "VM Thread" [stack: 0x00000094f7900000,0x00000094f7a00000] [id=7752] _threads_hazard_ptr=0x00000219c79a39d0
  0x00000219c7a47050 WatcherThread [stack: 0x00000094f8700000,0x00000094f8800000] [id=6376]
  0x00000219991cc1d0 GCTaskThread "GC Thread#0" [stack: 0x00000094f7400000,0x00000094f7500000] [id=5676]
  0x00000219c6ec6610 GCTaskThread "GC Thread#1" [stack: 0x00000094f8b00000,0x00000094f8c00000] [id=12416]
  0x00000219c6ec5c80 GCTaskThread "GC Thread#2" [stack: 0x00000094f8c00000,0x00000094f8d00000] [id=6476]
  0x00000219c6ec62e0 GCTaskThread "GC Thread#3" [stack: 0x00000094f8d00000,0x00000094f8e00000] [id=11564]
  0x00000219c6ec8f80 GCTaskThread "GC Thread#4" [stack: 0x00000094f8e00000,0x00000094f8f00000] [id=2352]
  0x00000219c6ec7600 GCTaskThread "GC Thread#5" [stack: 0x00000094f8f00000,0x00000094f9000000] [id=15376]
  0x00000219c6ec6c70 GCTaskThread "GC Thread#6" [stack: 0x00000094f9000000,0x00000094f9100000] [id=5940]
  0x00000219c6ec92b0 GCTaskThread "GC Thread#7" [stack: 0x00000094f9100000,0x00000094f9200000] [id=6404]
  0x00000219c6ec72d0 GCTaskThread "GC Thread#8" [stack: 0x00000094f9200000,0x00000094f9300000] [id=1144]
  0x00000219c6ec7930 GCTaskThread "GC Thread#9" [stack: 0x00000094f9300000,0x00000094f9400000] [id=12392]
  0x00000219991de330 ConcurrentGCThread "G1 Main Marker" [stack: 0x00000094f7500000,0x00000094f7600000] [id=4976]
  0x00000219991df6c0 ConcurrentGCThread "G1 Conc#0" [stack: 0x00000094f7600000,0x00000094f7700000] [id=9108]
  0x00000219c63a40f0 ConcurrentGCThread "G1 Refine#0" [stack: 0x00000094f7700000,0x00000094f7800000] [id=2360]
  0x00000219c63a4cf0 ConcurrentGCThread "G1 Young RemSet Sampling" [stack: 0x00000094f7800000,0x00000094f7900000] [id=8152]

Threads with active compile tasks:

VM state: synchronizing (normal execution)

VM Mutex/Monitor currently owned by a thread:  ([mutex/lock_event])
[0x000002199703d990] Threads_lock - owner thread: 0x00000219c64b4420

Heap address: 0x0000000601000000, size: 8176 MB, Compressed Oops mode: Zero based, Oop shift amount: 3
CDS archive(s) mapped at: [0x0000000800000000-0x0000000800b50000-0x0000000800b50000), size 11862016, SharedBaseAddress: 0x0000000800000000, ArchiveRelocationMode: 0.
Compressed class space mapped at: 0x0000000800b50000-0x0000000840b50000, size: 1073741824
Narrow klass base: 0x0000000800000000, Narrow klass shift: 3, Narrow klass range: 0x100000000

GC Precious Log:
 CPUs: 12 total, 12 available
 Memory: 32694M
 Large Page Support: Disabled
 NUMA Support: Disabled
 Compressed Oops: Enabled (Zero based)
 Heap Region Size: 4M
 Heap Min Capacity: 8M
 Heap Initial Capacity: 512M
 Heap Max Capacity: 8176M
 Pre-touch: Disabled
 Parallel Workers: 10
 Concurrent Workers: 3
 Concurrent Refinement Workers: 10
 Periodic GC: Disabled

Heap:
 garbage-first heap   total 524288K, used 280135K [0x0000000601000000, 0x0000000800000000)
  region size 4096K, 62 young (253952K), 7 survivors (28672K)
 Metaspace       used 5048K, capacity 5162K, committed 5248K, reserved 1056768K
  class space    used 545K, capacity 608K, committed 640K, reserved 1048576K

Heap Regions: E=young(eden), S=young(survivor), O=old, HS=humongous(starts), HC=humongous(continues), CS=collection set, F=free, OA=open archive, CA=closed archive, TAMS=top-at-mark-start (previous, next)
|   0|0x0000000601000000, 0x0000000601400000, 0x0000000601400000|100%| O|  |TAMS 0x0000000601000000, 0x0000000601000000| Untracked 
|   1|0x0000000601400000, 0x0000000601800000, 0x0000000601800000|100%| O|  |TAMS 0x0000000601400000, 0x0000000601400000| Untracked 
|   2|0x0000000601800000, 0x0000000601c00000, 0x0000000601c00000|100%| O|  |TAMS 0x0000000601800000, 0x0000000601800000| Untracked 
|   3|0x0000000601c00000, 0x0000000602000000, 0x0000000602000000|100%| O|  |TAMS 0x0000000601c00000, 0x0000000601c00000| Untracked 
|   4|0x0000000602000000, 0x0000000602400000, 0x0000000602400000|100%| O|  |TAMS 0x0000000602000000, 0x0000000602000000| Untracked 
|   5|0x0000000602400000, 0x0000000602800000, 0x0000000602800000|100%| O|  |TAMS 0x0000000602400000, 0x0000000602400000| Untracked 
|   6|0x0000000602800000, 0x0000000602c00000, 0x0000000602c00000|100%| O|  |TAMS 0x0000000602800000, 0x0000000602800000| Untracked 
|   7|0x0000000602c00000, 0x0000000602f3b600, 0x0000000603000000| 80%| O|  |TAMS 0x0000000602c00000, 0x0000000602c00000| Untracked 
|   8|0x0000000603000000, 0x0000000603000000, 0x0000000603400000|  0%| F|  |TAMS 0x0000000603000000, 0x0000000603000000| Untracked 
|   9|0x0000000603400000, 0x0000000603400000, 0x0000000603800000|  0%| F|  |TAMS 0x0000000603400000, 0x0000000603400000| Untracked 
|  10|0x0000000603800000, 0x0000000603800000, 0x0000000603c00000|  0%| F|  |TAMS 0x0000000603800000, 0x0000000603800000| Untracked 
|  11|0x0000000603c00000, 0x0000000603c00000, 0x0000000604000000|  0%| F|  |TAMS 0x0000000603c00000, 0x0000000603c00000| Untracked 
|  12|0x0000000604000000, 0x0000000604000000, 0x0000000604400000|  0%| F|  |TAMS 0x0000000604000000, 0x0000000604000000| Untracked 
|  13|0x0000000604400000, 0x0000000604400000, 0x0000000604800000|  0%| F|  |TAMS 0x0000000604400000, 0x0000000604400000| Untracked 
|  14|0x0000000604800000, 0x0000000604800000, 0x0000000604c00000|  0%| F|  |TAMS 0x0000000604800000, 0x0000000604800000| Untracked 
|  15|0x0000000604c00000, 0x0000000604c00000, 0x0000000605000000|  0%| F|  |TAMS 0x0000000604c00000, 0x0000000604c00000| Untracked 
|  16|0x0000000605000000, 0x0000000605000000, 0x0000000605400000|  0%| F|  |TAMS 0x0000000605000000, 0x0000000605000000| Untracked 
|  17|0x0000000605400000, 0x0000000605400000, 0x0000000605800000|  0%| F|  |TAMS 0x0000000605400000, 0x0000000605400000| Untracked 
|  18|0x0000000605800000, 0x0000000605800000, 0x0000000605c00000|  0%| F|  |TAMS 0x0000000605800000, 0x0000000605800000| Untracked 
|  19|0x0000000605c00000, 0x0000000605c00000, 0x0000000606000000|  0%| F|  |TAMS 0x0000000605c00000, 0x0000000605c00000| Untracked 
|  20|0x0000000606000000, 0x0000000606000000, 0x0000000606400000|  0%| F|  |TAMS 0x0000000606000000, 0x0000000606000000| Untracked 
|  21|0x0000000606400000, 0x0000000606400000, 0x0000000606800000|  0%| F|  |TAMS 0x0000000606400000, 0x0000000606400000| Untracked 
|  22|0x0000000606800000, 0x0000000606800000, 0x0000000606c00000|  0%| F|  |TAMS 0x0000000606800000, 0x0000000606800000| Untracked 
|  23|0x0000000606c00000, 0x0000000606c00000, 0x0000000607000000|  0%| F|  |TAMS 0x0000000606c00000, 0x0000000606c00000| Untracked 
|  24|0x0000000607000000, 0x0000000607000000, 0x0000000607400000|  0%| F|  |TAMS 0x0000000607000000, 0x0000000607000000| Untracked 
|  25|0x0000000607400000, 0x0000000607400000, 0x0000000607800000|  0%| F|  |TAMS 0x0000000607400000, 0x0000000607400000| Untracked 
|  26|0x0000000607800000, 0x0000000607800000, 0x0000000607c00000|  0%| F|  |TAMS 0x0000000607800000, 0x0000000607800000| Untracked 
|  27|0x0000000607c00000, 0x0000000607c00000, 0x0000000608000000|  0%| F|  |TAMS 0x0000000607c00000, 0x0000000607c00000| Untracked 
|  28|0x0000000608000000, 0x0000000608000000, 0x0000000608400000|  0%| F|  |TAMS 0x0000000608000000, 0x0000000608000000| Untracked 
|  29|0x0000000608400000, 0x0000000608400000, 0x0000000608800000|  0%| F|  |TAMS 0x0000000608400000, 0x0000000608400000| Untracked 
|  30|0x0000000608800000, 0x0000000608800000, 0x0000000608c00000|  0%| F|  |TAMS 0x0000000608800000, 0x0000000608800000| Untracked 
|  31|0x0000000608c00000, 0x0000000608c00000, 0x0000000609000000|  0%| F|  |TAMS 0x0000000608c00000, 0x0000000608c00000| Untracked 
|  32|0x0000000609000000, 0x0000000609000000, 0x0000000609400000|  0%| F|  |TAMS 0x0000000609000000, 0x0000000609000000| Untracked 
|  33|0x0000000609400000, 0x0000000609400000, 0x0000000609800000|  0%| F|  |TAMS 0x0000000609400000, 0x0000000609400000| Untracked 
|  34|0x0000000609800000, 0x0000000609800000, 0x0000000609c00000|  0%| F|  |TAMS 0x0000000609800000, 0x0000000609800000| Untracked 
|  35|0x0000000609c00000, 0x0000000609c00000, 0x000000060a000000|  0%| F|  |TAMS 0x0000000609c00000, 0x0000000609c00000| Untracked 
|  36|0x000000060a000000, 0x000000060a000000, 0x000000060a400000|  0%| F|  |TAMS 0x000000060a000000, 0x000000060a000000| Untracked 
|  37|0x000000060a400000, 0x000000060a400000, 0x000000060a800000|  0%| F|  |TAMS 0x000000060a400000, 0x000000060a400000| Untracked 
|  38|0x000000060a800000, 0x000000060a800000, 0x000000060ac00000|  0%| F|  |TAMS 0x000000060a800000, 0x000000060a800000| Untracked 
|  39|0x000000060ac00000, 0x000000060ac00000, 0x000000060b000000|  0%| F|  |TAMS 0x000000060ac00000, 0x000000060ac00000| Untracked 
|  40|0x000000060b000000, 0x000000060b000000, 0x000000060b400000|  0%| F|  |TAMS 0x000000060b000000, 0x000000060b000000| Untracked 
|  41|0x000000060b400000, 0x000000060b400000, 0x000000060b800000|  0%| F|  |TAMS 0x000000060b400000, 0x000000060b400000| Untracked 
|  42|0x000000060b800000, 0x000000060b800000, 0x000000060bc00000|  0%| F|  |TAMS 0x000000060b800000, 0x000000060b800000| Untracked 
|  43|0x000000060bc00000, 0x000000060bc00000, 0x000000060c000000|  0%| F|  |TAMS 0x000000060bc00000, 0x000000060bc00000| Untracked 
|  44|0x000000060c000000, 0x000000060c000000, 0x000000060c400000|  0%| F|  |TAMS 0x000000060c000000, 0x000000060c000000| Untracked 
|  45|0x000000060c400000, 0x000000060c6566d8, 0x000000060c800000| 58%| S|CS|TAMS 0x000000060c400000, 0x000000060c400000| Complete 
|  46|0x000000060c800000, 0x000000060cc00000, 0x000000060cc00000|100%| S|CS|TAMS 0x000000060c800000, 0x000000060c800000| Complete 
|  47|0x000000060cc00000, 0x000000060d000000, 0x000000060d000000|100%| S|CS|TAMS 0x000000060cc00000, 0x000000060cc00000| Complete 
|  48|0x000000060d000000, 0x000000060d000000, 0x000000060d400000|  0%| F|  |TAMS 0x000000060d000000, 0x000000060d000000| Untracked 
|  49|0x000000060d400000, 0x000000060d400000, 0x000000060d800000|  0%| F|  |TAMS 0x000000060d400000, 0x000000060d400000| Untracked 
|  50|0x000000060d800000, 0x000000060d800000, 0x000000060dc00000|  0%| F|  |TAMS 0x000000060d800000, 0x000000060d800000| Untracked 
|  51|0x000000060dc00000, 0x000000060dc00000, 0x000000060e000000|  0%| F|  |TAMS 0x000000060dc00000, 0x000000060dc00000| Untracked 
|  52|0x000000060e000000, 0x000000060e400000, 0x000000060e400000|100%| S|CS|TAMS 0x000000060e000000, 0x000000060e000000| Complete 
|  53|0x000000060e400000, 0x000000060e800000, 0x000000060e800000|100%| S|CS|TAMS 0x000000060e400000, 0x000000060e400000| Complete 
|  54|0x000000060e800000, 0x000000060ec00000, 0x000000060ec00000|100%| S|CS|TAMS 0x000000060e800000, 0x000000060e800000| Complete 
|  55|0x000000060ec00000, 0x000000060f000000, 0x000000060f000000|100%| S|CS|TAMS 0x000000060ec00000, 0x000000060ec00000| Complete 
|  56|0x000000060f000000, 0x000000060f000000, 0x000000060f400000|  0%| F|  |TAMS 0x000000060f000000, 0x000000060f000000| Untracked 
|  57|0x000000060f400000, 0x000000060f400000, 0x000000060f800000|  0%| F|  |TAMS 0x000000060f400000, 0x000000060f400000| Untracked 
|  58|0x000000060f800000, 0x000000060f800000, 0x000000060fc00000|  0%| F|  |TAMS 0x000000060f800000, 0x000000060f800000| Untracked 
|  59|0x000000060fc00000, 0x000000060fc00000, 0x0000000610000000|  0%| F|  |TAMS 0x000000060fc00000, 0x000000060fc00000| Untracked 
|  60|0x0000000610000000, 0x0000000610000000, 0x0000000610400000|  0%| F|  |TAMS 0x0000000610000000, 0x0000000610000000| Untracked 
|  61|0x0000000610400000, 0x0000000610400000, 0x0000000610800000|  0%| F|  |TAMS 0x0000000610400000, 0x0000000610400000| Untracked 
|  62|0x0000000610800000, 0x0000000610800000, 0x0000000610c00000|  0%| F|  |TAMS 0x0000000610800000, 0x0000000610800000| Untracked 
|  63|0x0000000610c00000, 0x0000000610c00000, 0x0000000611000000|  0%| F|  |TAMS 0x0000000610c00000, 0x0000000610c00000| Untracked 
|  64|0x0000000611000000, 0x0000000611000000, 0x0000000611400000|  0%| F|  |TAMS 0x0000000611000000, 0x0000000611000000| Untracked 
|  65|0x0000000611400000, 0x0000000611400000, 0x0000000611800000|  0%| F|  |TAMS 0x0000000611400000, 0x0000000611400000| Untracked 
|  66|0x0000000611800000, 0x0000000611800000, 0x0000000611c00000|  0%| F|  |TAMS 0x0000000611800000, 0x0000000611800000| Untracked 
|  67|0x0000000611c00000, 0x0000000611c00000, 0x0000000612000000|  0%| F|  |TAMS 0x0000000611c00000, 0x0000000611c00000| Untracked 
|  68|0x0000000612000000, 0x0000000612000000, 0x0000000612400000|  0%| F|  |TAMS 0x0000000612000000, 0x0000000612000000| Untracked 
|  69|0x0000000612400000, 0x0000000612400000, 0x0000000612800000|  0%| F|  |TAMS 0x0000000612400000, 0x0000000612400000| Untracked 
|  70|0x0000000612800000, 0x0000000612800000, 0x0000000612c00000|  0%| F|  |TAMS 0x0000000612800000, 0x0000000612800000| Untracked 
|  71|0x0000000612c00000, 0x0000000612c00000, 0x0000000613000000|  0%| F|  |TAMS 0x0000000612c00000, 0x0000000612c00000| Untracked 
|  72|0x0000000613000000, 0x0000000613000000, 0x0000000613400000|  0%| F|  |TAMS 0x0000000613000000, 0x0000000613000000| Untracked 
|  73|0x0000000613400000, 0x0000000613800000, 0x0000000613800000|100%| E|  |TAMS 0x0000000613400000, 0x0000000613400000| Complete 
|  74|0x0000000613800000, 0x0000000613c00000, 0x0000000613c00000|100%| E|CS|TAMS 0x0000000613800000, 0x0000000613800000| Complete 
|  75|0x0000000613c00000, 0x0000000614000000, 0x0000000614000000|100%| E|CS|TAMS 0x0000000613c00000, 0x0000000613c00000| Complete 
|  76|0x0000000614000000, 0x0000000614400000, 0x0000000614400000|100%| E|CS|TAMS 0x0000000614000000, 0x0000000614000000| Complete 
|  77|0x0000000614400000, 0x0000000614800000, 0x0000000614800000|100%| E|CS|TAMS 0x0000000614400000, 0x0000000614400000| Complete 
|  78|0x0000000614800000, 0x0000000614c00000, 0x0000000614c00000|100%| E|CS|TAMS 0x0000000614800000, 0x0000000614800000| Complete 
|  79|0x0000000614c00000, 0x0000000615000000, 0x0000000615000000|100%| E|CS|TAMS 0x0000000614c00000, 0x0000000614c00000| Complete 
|  80|0x0000000615000000, 0x0000000615400000, 0x0000000615400000|100%| E|CS|TAMS 0x0000000615000000, 0x0000000615000000| Complete 
|  81|0x0000000615400000, 0x0000000615800000, 0x0000000615800000|100%| E|CS|TAMS 0x0000000615400000, 0x0000000615400000| Complete 
|  82|0x0000000615800000, 0x0000000615c00000, 0x0000000615c00000|100%| E|CS|TAMS 0x0000000615800000, 0x0000000615800000| Complete 
|  83|0x0000000615c00000, 0x0000000616000000, 0x0000000616000000|100%| E|CS|TAMS 0x0000000615c00000, 0x0000000615c00000| Complete 
|  84|0x0000000616000000, 0x0000000616400000, 0x0000000616400000|100%| E|CS|TAMS 0x0000000616000000, 0x0000000616000000| Complete 
|  85|0x0000000616400000, 0x0000000616800000, 0x0000000616800000|100%| E|CS|TAMS 0x0000000616400000, 0x0000000616400000| Complete 
|  86|0x0000000616800000, 0x0000000616c00000, 0x0000000616c00000|100%| E|CS|TAMS 0x0000000616800000, 0x0000000616800000| Complete 
|  87|0x0000000616c00000, 0x0000000617000000, 0x0000000617000000|100%| E|CS|TAMS 0x0000000616c00000, 0x0000000616c00000| Complete 
|  88|0x0000000617000000, 0x0000000617400000, 0x0000000617400000|100%| E|CS|TAMS 0x0000000617000000, 0x0000000617000000| Complete 
|  89|0x0000000617400000, 0x0000000617800000, 0x0000000617800000|100%| E|CS|TAMS 0x0000000617400000, 0x0000000617400000| Complete 
|  90|0x0000000617800000, 0x0000000617c00000, 0x0000000617c00000|100%| E|CS|TAMS 0x0000000617800000, 0x0000000617800000| Complete 
|  91|0x0000000617c00000, 0x0000000618000000, 0x0000000618000000|100%| E|CS|TAMS 0x0000000617c00000, 0x0000000617c00000| Complete 
|  92|0x0000000618000000, 0x0000000618400000, 0x0000000618400000|100%| E|CS|TAMS 0x0000000618000000, 0x0000000618000000| Complete 
|  93|0x0000000618400000, 0x0000000618800000, 0x0000000618800000|100%| E|CS|TAMS 0x0000000618400000, 0x0000000618400000| Complete 
|  94|0x0000000618800000, 0x0000000618c00000, 0x0000000618c00000|100%| E|CS|TAMS 0x0000000618800000, 0x0000000618800000| Complete 
|  95|0x0000000618c00000, 0x0000000619000000, 0x0000000619000000|100%| E|CS|TAMS 0x0000000618c00000, 0x0000000618c00000| Complete 
|  96|0x0000000619000000, 0x0000000619400000, 0x0000000619400000|100%| E|CS|TAMS 0x0000000619000000, 0x0000000619000000| Complete 
|  97|0x0000000619400000, 0x0000000619800000, 0x0000000619800000|100%| E|CS|TAMS 0x0000000619400000, 0x0000000619400000| Complete 
|  98|0x0000000619800000, 0x0000000619c00000, 0x0000000619c00000|100%| E|CS|TAMS 0x0000000619800000, 0x0000000619800000| Complete 
|  99|0x0000000619c00000, 0x000000061a000000, 0x000000061a000000|100%| E|CS|TAMS 0x0000000619c00000, 0x0000000619c00000| Complete 
| 100|0x000000061a000000, 0x000000061a400000, 0x000000061a400000|100%| E|CS|TAMS 0x000000061a000000, 0x000000061a000000| Complete 
| 101|0x000000061a400000, 0x000000061a800000, 0x000000061a800000|100%| E|CS|TAMS 0x000000061a400000, 0x000000061a400000| Complete 
| 102|0x000000061a800000, 0x000000061ac00000, 0x000000061ac00000|100%| E|CS|TAMS 0x000000061a800000, 0x000000061a800000| Complete 
| 103|0x000000061ac00000, 0x000000061b000000, 0x000000061b000000|100%| E|CS|TAMS 0x000000061ac00000, 0x000000061ac00000| Complete 
| 104|0x000000061b000000, 0x000000061b400000, 0x000000061b400000|100%| E|CS|TAMS 0x000000061b000000, 0x000000061b000000| Complete 
| 105|0x000000061b400000, 0x000000061b800000, 0x000000061b800000|100%| E|CS|TAMS 0x000000061b400000, 0x000000061b400000| Complete 
| 106|0x000000061b800000, 0x000000061bc00000, 0x000000061bc00000|100%| E|CS|TAMS 0x000000061b800000, 0x000000061b800000| Complete 
| 107|0x000000061bc00000, 0x000000061c000000, 0x000000061c000000|100%| E|CS|TAMS 0x000000061bc00000, 0x000000061bc00000| Complete 
| 108|0x000000061c000000, 0x000000061c400000, 0x000000061c400000|100%| E|CS|TAMS 0x000000061c000000, 0x000000061c000000| Complete 
| 109|0x000000061c400000, 0x000000061c800000, 0x000000061c800000|100%| E|CS|TAMS 0x000000061c400000, 0x000000061c400000| Complete 
| 110|0x000000061c800000, 0x000000061cc00000, 0x000000061cc00000|100%| E|CS|TAMS 0x000000061c800000, 0x000000061c800000| Complete 
| 111|0x000000061cc00000, 0x000000061d000000, 0x000000061d000000|100%| E|CS|TAMS 0x000000061cc00000, 0x000000061cc00000| Complete 
| 112|0x000000061d000000, 0x000000061d400000, 0x000000061d400000|100%| E|CS|TAMS 0x000000061d000000, 0x000000061d000000| Complete 
| 113|0x000000061d400000, 0x000000061d800000, 0x000000061d800000|100%| E|CS|TAMS 0x000000061d400000, 0x000000061d400000| Complete 
| 114|0x000000061d800000, 0x000000061dc00000, 0x000000061dc00000|100%| E|CS|TAMS 0x000000061d800000, 0x000000061d800000| Complete 
| 115|0x000000061dc00000, 0x000000061e000000, 0x000000061e000000|100%| E|CS|TAMS 0x000000061dc00000, 0x000000061dc00000| Complete 
| 116|0x000000061e000000, 0x000000061e400000, 0x000000061e400000|100%| E|CS|TAMS 0x000000061e000000, 0x000000061e000000| Complete 
| 117|0x000000061e400000, 0x000000061e800000, 0x000000061e800000|100%| E|CS|TAMS 0x000000061e400000, 0x000000061e400000| Complete 
| 118|0x000000061e800000, 0x000000061ec00000, 0x000000061ec00000|100%| E|CS|TAMS 0x000000061e800000, 0x000000061e800000| Complete 
| 119|0x000000061ec00000, 0x000000061f000000, 0x000000061f000000|100%| E|CS|TAMS 0x000000061ec00000, 0x000000061ec00000| Complete 
| 120|0x000000061f000000, 0x000000061f400000, 0x000000061f400000|100%| E|CS|TAMS 0x000000061f000000, 0x000000061f000000| Complete 
| 121|0x000000061f400000, 0x000000061f800000, 0x000000061f800000|100%| E|CS|TAMS 0x000000061f400000, 0x000000061f400000| Complete 
| 122|0x000000061f800000, 0x000000061fc00000, 0x000000061fc00000|100%| E|CS|TAMS 0x000000061f800000, 0x000000061f800000| Complete 
| 123|0x000000061fc00000, 0x0000000620000000, 0x0000000620000000|100%| E|CS|TAMS 0x000000061fc00000, 0x000000061fc00000| Complete 
| 124|0x0000000620000000, 0x0000000620400000, 0x0000000620400000|100%| E|CS|TAMS 0x0000000620000000, 0x0000000620000000| Complete 
| 125|0x0000000620400000, 0x0000000620800000, 0x0000000620800000|100%| E|CS|TAMS 0x0000000620400000, 0x0000000620400000| Complete 
| 126|0x0000000620800000, 0x0000000620c00000, 0x0000000620c00000|100%| E|CS|TAMS 0x0000000620800000, 0x0000000620800000| Complete 
| 127|0x0000000620c00000, 0x0000000621000000, 0x0000000621000000|100%| E|CS|TAMS 0x0000000620c00000, 0x0000000620c00000| Complete 

Card table byte_map: [0x00000219b18f0000,0x00000219b28f0000] _byte_map_base: 0x00000219ae8e8000

Marking Bits (Prev, Next): (CMBitMap*) 0x00000219991cca40, (CMBitMap*) 0x00000219991cca80
 Prev Bits: [0x00000219b38f0000, 0x00000219bb8b0000)
 Next Bits: [0x00000219bb8b0000, 0x00000219c3870000)

Polling page: 0x0000021997120000

Metaspace:

Usage:
  Non-class:      4.45 MB capacity,     4.40 MB ( 99%) used,    44.04 KB ( <1%) free+waste,     6.56 KB ( <1%) overhead. 
      Class:    608.00 KB capacity,   545.23 KB ( 90%) used,    59.09 KB ( 10%) free+waste,     3.69 KB ( <1%) overhead. 
       Both:      5.04 MB capacity,     4.93 MB ( 98%) used,   103.12 KB (  2%) free+waste,    10.25 KB ( <1%) overhead. 

Virtual space:
  Non-class space:        8.00 MB reserved,       4.50 MB ( 56%) committed 
      Class space:        1.00 GB reserved,     640.00 KB ( <1%) committed 
             Both:        1.01 GB reserved,       5.12 MB ( <1%) committed 

Chunk freelists:
   Non-Class:  54.00 KB
       Class:  0 bytes
        Both:  54.00 KB

MaxMetaspaceSize: 17179869184.00 GB
CompressedClassSpaceSize: 1.00 GB

CodeHeap 'non-profiled nmethods': size=120000Kb used=345Kb max_used=345Kb free=119654Kb
 bounds [0x00000219a8e60000, 0x00000219a90d0000, 0x00000219b0390000]
CodeHeap 'profiled nmethods': size=120000Kb used=1217Kb max_used=1217Kb free=118782Kb
 bounds [0x00000219a1930000, 0x00000219a1ba0000, 0x00000219a8e60000]
CodeHeap 'non-nmethods': size=5760Kb used=1193Kb max_used=1227Kb free=4566Kb
 bounds [0x00000219a1390000, 0x00000219a1600000, 0x00000219a1930000]
 total_blobs=1300 nmethods=843 adapters=370
 compilation: enabled
              stopped_count=0, restarted_count=0
 full_count=0

Compilation events (20 events):
Event: 1.379 Thread 0x00000219c7a47870  834       4       java.util.Random::<init> (12 bytes)
Event: 1.381 Thread 0x00000219c7a47870 nmethod 834 0x00000219a8eb2e10 code [0x00000219a8eb2fa0, 0x00000219a8eb31f8]
Event: 1.389 Thread 0x00000219c7a47360  835       4       java.util.ArrayList::clear (43 bytes)
Event: 1.389 Thread 0x00000219c7a47360 nmethod 835 0x00000219a8eb3390 code [0x00000219a8eb3500, 0x00000219a8eb3578]
Event: 1.389 Thread 0x00000219c7a47360  836       4       com.mrjaffesclass.othello.SmartPlayer$Node::<init> (420 bytes)
Event: 1.392 Thread 0x00000219c64d6760  837       4       com.mrjaffesclass.othello.SmartPlayer$Node::hasNodes (16 bytes)
Event: 1.392 Thread 0x00000219c7a47870  838       4       com.mrjaffesclass.othello.SmartPlayer$Node::updateStats (29 bytes)
Event: 1.392 Thread 0x00000219c64d6760 nmethod 837 0x00000219a8eb3690 code [0x00000219a8eb3800, 0x00000219a8eb3898]
Event: 1.392 Thread 0x00000219c7a47870 nmethod 838 0x00000219a8eb3990 code [0x00000219a8eb3b00, 0x00000219a8eb3b78]
Event: 1.399 Thread 0x00000219c7a47360 nmethod 836 0x00000219a8eb3c90 code [0x00000219a8eb3e80, 0x00000219a8eb50a8]
Event: 1.424 Thread 0x00000219c64e2770  839       3       java.lang.Long::valueOf (40 bytes)
Event: 1.424 Thread 0x00000219c64e2770 nmethod 839 0x00000219a1a5fe10 code [0x00000219a1a5ffc0, 0x00000219a1a602f8]
Event: 1.425 Thread 0x00000219c7a47360  840       4       com.mrjaffesclass.othello.SmartPlayer$Node::getRandomNode (30 bytes)
Event: 1.427 Thread 0x00000219c7a47360 nmethod 840 0x00000219a8eb5490 code [0x00000219a8eb5640, 0x00000219a8eb5978]
Event: 1.749 Thread 0x00000219c7a47870  841       4       com.mrjaffesclass.othello.SmartPlayer$BoardModel::countSquaresFast (35 bytes)
Event: 1.749 Thread 0x00000219c7a47870 nmethod 841 0x00000219a8eb5d90 code [0x00000219a8eb5f00, 0x00000219a8eb5f98]
Event: 1.788 Thread 0x00000219c7a47870  842       4       java.lang.Long::hashCode (8 bytes)
Event: 1.788 Thread 0x00000219c7a47870 nmethod 842 0x00000219a8eb6090 code [0x00000219a8eb6200, 0x00000219a8eb6258]
Event: 1.797 Thread 0x00000219c64e2770  843       1       java.nio.Buffer::capacity (5 bytes)
Event: 1.797 Thread 0x00000219c64e2770 nmethod 843 0x00000219a8eb6390 code [0x00000219a8eb6520, 0x00000219a8eb65d8]

GC Heap History (14 events):
Event: 1.084 GC heap before
{Heap before GC invocations=0 (full 0):
 garbage-first heap   total 524288K, used 20480K [0x0000000601000000, 0x0000000800000000)
  region size 4096K, 6 young (24576K), 0 survivors (0K)
 Metaspace       used 5021K, capacity 5162K, committed 5248K, reserved 1056768K
  class space    used 543K, capacity 608K, committed 640K, reserved 1048576K
}
Event: 1.087 GC heap after
{Heap after GC invocations=1 (full 0):
 garbage-first heap   total 524288K, used 3820K [0x0000000601000000, 0x0000000800000000)
  region size 4096K, 1 young (4096K), 1 survivors (4096K)
 Metaspace       used 5021K, capacity 5162K, committed 5248K, reserved 1056768K
  class space    used 543K, capacity 608K, committed 640K, reserved 1048576K
}
Event: 1.103 GC heap before
{Heap before GC invocations=1 (full 0):
 garbage-first heap   total 524288K, used 28396K [0x0000000601000000, 0x0000000800000000)
  region size 4096K, 7 young (28672K), 1 survivors (4096K)
 Metaspace       used 5028K, capacity 5162K, committed 5248K, reserved 1056768K
  class space    used 543K, capacity 608K, committed 640K, reserved 1048576K
}
Event: 1.106 GC heap after
{Heap after GC invocations=2 (full 0):
 garbage-first heap   total 524288K, used 4672K [0x0000000601000000, 0x0000000800000000)
  region size 4096K, 1 young (4096K), 1 survivors (4096K)
 Metaspace       used 5028K, capacity 5162K, committed 5248K, reserved 1056768K
  class space    used 543K, capacity 608K, committed 640K, reserved 1048576K
}
Event: 1.147 GC heap before
{Heap before GC invocations=2 (full 0):
 garbage-first heap   total 524288K, used 66112K [0x0000000601000000, 0x0000000800000000)
  region size 4096K, 16 young (65536K), 1 survivors (4096K)
 Metaspace       used 5033K, capacity 5162K, committed 5248K, reserved 1056768K
  class space    used 543K, capacity 608K, committed 640K, reserved 1048576K
}
Event: 1.149 GC heap after
{Heap after GC invocations=3 (full 0):
 garbage-first heap   total 524288K, used 6870K [0x0000000601000000, 0x0000000800000000)
  region size 4096K, 1 young (4096K), 1 survivors (4096K)
 Metaspace       used 5033K, capacity 5162K, committed 5248K, reserved 1056768K
  class space    used 543K, capacity 608K, committed 640K, reserved 1048576K
}
Event: 1.353 GC heap before
{Heap before GC invocations=3 (full 0):
 garbage-first heap   total 524288K, used 314070K [0x0000000601000000, 0x0000000800000000)
  region size 4096K, 76 young (311296K), 1 survivors (4096K)
 Metaspace       used 5033K, capacity 5162K, committed 5248K, reserved 1056768K
  class space    used 543K, capacity 608K, committed 640K, reserved 1048576K
}
Event: 1.357 GC heap after
{Heap after GC invocations=4 (full 0):
 garbage-first heap   total 524288K, used 18815K [0x0000000601000000, 0x0000000800000000)
  region size 4096K, 4 young (16384K), 4 survivors (16384K)
 Metaspace       used 5033K, capacity 5162K, committed 5248K, reserved 1056768K
  class space    used 543K, capacity 608K, committed 640K, reserved 1048576K
}
Event: 1.477 GC heap before
{Heap before GC invocations=4 (full 0):
 garbage-first heap   total 524288K, used 313727K [0x0000000601000000, 0x0000000800000000)
  region size 4096K, 76 young (311296K), 4 survivors (16384K)
 Metaspace       used 5034K, capacity 5162K, committed 5248K, reserved 1056768K
  class space    used 543K, capacity 608K, committed 640K, reserved 1048576K
}
Event: 1.484 GC heap after
{Heap after GC invocations=5 (full 0):
 garbage-first heap   total 524288K, used 31883K [0x0000000601000000, 0x0000000800000000)
  region size 4096K, 7 young (28672K), 7 survivors (28672K)
 Metaspace       used 5034K, capacity 5162K, committed 5248K, reserved 1056768K
  class space    used 543K, capacity 608K, committed 640K, reserved 1048576K
}
Event: 1.597 GC heap before
{Heap before GC invocations=5 (full 0):
 garbage-first heap   total 524288K, used 314507K [0x0000000601000000, 0x0000000800000000)
  region size 4096K, 76 young (311296K), 7 survivors (28672K)
 Metaspace       used 5034K, capacity 5162K, committed 5248K, reserved 1056768K
  class space    used 543K, capacity 608K, committed 640K, reserved 1048576K
}
Event: 1.607 GC heap after
{Heap after GC invocations=6 (full 0):
 garbage-first heap   total 524288K, used 44668K [0x0000000601000000, 0x0000000800000000)
  region size 4096K, 7 young (28672K), 7 survivors (28672K)
 Metaspace       used 5034K, capacity 5162K, committed 5248K, reserved 1056768K
  class space    used 543K, capacity 608K, committed 640K, reserved 1048576K
}
Event: 1.720 GC heap before
{Heap before GC invocations=6 (full 0):
 garbage-first heap   total 524288K, used 327292K [0x0000000601000000, 0x0000000800000000)
  region size 4096K, 76 young (311296K), 7 survivors (28672K)
 Metaspace       used 5034K, capacity 5162K, committed 5248K, reserved 1056768K
  class space    used 543K, capacity 608K, committed 640K, reserved 1048576K
}
Event: 1.729 GC heap after
{Heap after GC invocations=7 (full 0):
 garbage-first heap   total 524288K, used 58951K [0x0000000601000000, 0x0000000800000000)
  region size 4096K, 7 young (28672K), 7 survivors (28672K)
 Metaspace       used 5034K, capacity 5162K, committed 5248K, reserved 1056768K
  class space    used 543K, capacity 608K, committed 640K, reserved 1048576K
}

Deoptimization events (20 events):
Event: 1.133 Thread 0x000002199703e5a0 DEOPT PACKING pc=0x00000219a1a52502 sp=0x00000094f73ff230
Event: 1.133 Thread 0x000002199703e5a0 DEOPT UNPACKING pc=0x00000219a13de23f sp=0x00000094f73fe758 mode 0
Event: 1.134 Thread 0x000002199703e5a0 DEOPT PACKING pc=0x00000219a1a524e1 sp=0x00000094f73ff230
Event: 1.134 Thread 0x000002199703e5a0 DEOPT UNPACKING pc=0x00000219a13de23f sp=0x00000094f73fe758 mode 0
Event: 1.134 Thread 0x000002199703e5a0 DEOPT PACKING pc=0x00000219a1a524e1 sp=0x00000094f73ff230
Event: 1.134 Thread 0x000002199703e5a0 DEOPT UNPACKING pc=0x00000219a13de23f sp=0x00000094f73fe758 mode 0
Event: 1.135 Thread 0x000002199703e5a0 DEOPT PACKING pc=0x00000219a1a524e1 sp=0x00000094f73ff230
Event: 1.135 Thread 0x000002199703e5a0 DEOPT UNPACKING pc=0x00000219a13de23f sp=0x00000094f73fe758 mode 0
Event: 1.136 Thread 0x000002199703e5a0 DEOPT PACKING pc=0x00000219a1a524e1 sp=0x00000094f73ff230
Event: 1.136 Thread 0x000002199703e5a0 DEOPT UNPACKING pc=0x00000219a13de23f sp=0x00000094f73fe758 mode 0
Event: 1.137 Thread 0x000002199703e5a0 DEOPT PACKING pc=0x00000219a1a52502 sp=0x00000094f73ff230
Event: 1.137 Thread 0x000002199703e5a0 DEOPT UNPACKING pc=0x00000219a13de23f sp=0x00000094f73fe758 mode 0
Event: 1.138 Thread 0x000002199703e5a0 DEOPT PACKING pc=0x00000219a1a52502 sp=0x00000094f73ff230
Event: 1.138 Thread 0x000002199703e5a0 DEOPT UNPACKING pc=0x00000219a13de23f sp=0x00000094f73fe758 mode 0
Event: 1.139 Thread 0x000002199703e5a0 DEOPT PACKING pc=0x00000219a1a52502 sp=0x00000094f73ff230
Event: 1.139 Thread 0x000002199703e5a0 DEOPT UNPACKING pc=0x00000219a13de23f sp=0x00000094f73fe758 mode 0
Event: 1.140 Thread 0x000002199703e5a0 DEOPT PACKING pc=0x00000219a1a524e1 sp=0x00000094f73ff230
Event: 1.140 Thread 0x000002199703e5a0 DEOPT UNPACKING pc=0x00000219a13de23f sp=0x00000094f73fe758 mode 0
Event: 1.360 Thread 0x000002199703e5a0 DEOPT PACKING pc=0x00000219a1a5e7eb sp=0x00000094f73ff240
Event: 1.360 Thread 0x000002199703e5a0 DEOPT UNPACKING pc=0x00000219a13de23f sp=0x00000094f73fe780 mode 0

Classes unloaded (0 events):
No events

Classes redefined (0 events):
No events

Internal exceptions (15 events):
Event: 0.051 Thread 0x000002199703e5a0 Exception <a 'java/lang/NoSuchMethodError'{0x0000000620d13330}: 'java.lang.Object java.lang.invoke.DirectMethodHandle$Holder.invokeStatic(java.lang.Object)'> (0x0000000620d13330) 
thrown [./open/src/hotspot/share/interpreter/linkResolver.cpp, line 782]
Event: 0.052 Thread 0x000002199703e5a0 Exception <a 'java/lang/NoSuchMethodError'{0x0000000620d18c70}: 'java.lang.Object java.lang.invoke.DirectMethodHandle$Holder.invokeStaticInit(java.lang.Object)'> (0x0000000620d18c70) 
thrown [./open/src/hotspot/share/interpreter/linkResolver.cpp, line 782]
Event: 0.059 Thread 0x000002199703e5a0 Exception <a 'java/lang/NoSuchMethodError'{0x0000000620d2e308}: 'void java.lang.invoke.DirectMethodHandle$Holder.invokeSpecial(java.lang.Object, java.lang.Object, java.lang.Object)'> (0x0000000620d2e308) 
thrown [./open/src/hotspot/share/interpreter/linkResolver.cpp, line 782]
Event: 0.060 Thread 0x000002199703e5a0 Exception <a 'java/lang/NoSuchMethodError'{0x0000000620d39338}: 'java.lang.Object java.lang.invoke.DirectMethodHandle$Holder.invokeInterface(java.lang.Object, java.lang.Object)'> (0x0000000620d39338) 
thrown [./open/src/hotspot/share/interpreter/linkResolver.cpp, line 782]
Event: 0.100 Thread 0x00000219c6ed6d60 Exception <a 'java/lang/NoSuchMethodError'{0x0000000620dff2c8}: 'void java.lang.invoke.DirectMethodHandle$Holder.invokeStatic(java.lang.Object, java.lang.Object)'> (0x0000000620dff2c8) 
thrown [./open/src/hotspot/share/interpreter/linkResolver.cpp, line 782]
Event: 0.437 Thread 0x000002199703e5a0 Exception <a 'java/lang/NoSuchMethodError'{0x0000000620db9998}: 'java.lang.Object java.lang.invoke.DirectMethodHandle$Holder.invokeStaticInit(java.lang.Object, java.lang.Object, java.lang.Object)'> (0x0000000620db9998) 
thrown [./open/src/hotspot/share/interpreter/linkResolver.cpp, line 782]
Event: 0.441 Thread 0x000002199703e5a0 Exception <a 'java/lang/NoSuchMethodError'{0x0000000620de1308}: 'int java.lang.invoke.DirectMethodHandle$Holder.invokeSpecial(java.lang.Object, java.lang.Object, java.lang.Object)'> (0x0000000620de1308) 
thrown [./open/src/hotspot/share/interpreter/linkResolver.cpp, line 782]
Event: 0.449 Thread 0x000002199703e5a0 Exception <a 'java/lang/NoSuchMethodError'{0x0000000620f66ce8}: 'int java.lang.invoke.DirectMethodHandle$Holder.invokeInterface(java.lang.Object, java.lang.Object)'> (0x0000000620f66ce8) 
thrown [./open/src/hotspot/share/interpreter/linkResolver.cpp, line 782]
Event: 0.450 Thread 0x000002199703e5a0 Exception <a 'java/lang/IncompatibleClassChangeError'{0x0000000620f6a4e0}: Found class java.lang.Object, but interface was expected> (0x0000000620f6a4e0) 
thrown [./open/src/hotspot/share/interpreter/linkResolver.cpp, line 848]
Event: 0.506 Thread 0x000002199703e5a0 Exception <a 'java/lang/NoSuchMethodError'{0x00000006208fb6a8}: 'void java.lang.invoke.DirectMethodHandle$Holder.invokeStatic(java.lang.Object, java.lang.Object, java.lang.Object)'> (0x00000006208fb6a8) 
thrown [./open/src/hotspot/share/interpreter/linkResolver.cpp, line 782]
Event: 0.539 Thread 0x00000219c6ed6d60 Exception <a 'java/lang/VerifyError'{0x0000000620eabb18}: Stack map does not match the one at exception handler 21
Exception Details:
  Location:
    org/netbeans/lib/profiler/ConstructorTest.<init>()V @21: astore_1
  Reason:
    Current frame's flags are not assignable to stack map frame's.
  Current Frame:
    bci: @0
    flags: { flagThisUninit }
    locals: { uninitializedThis }
    stack: { 'java/lang/Throwable' }
  Stackmap Frame:
    bci: @21
    flags: { }
    locals: { top }
    stack: { 'java/lan
Event: 0.749 Thread 0x00000219c6ed6d60 Exception <a 'java/lang/NoSuchMethodError'{0x0000000620ecb198}: 'void java.lang.invoke.DirectMethodHandle$Holder.invokeStaticInit(java.lang.Object, java.lang.Object)'> (0x0000000620ecb198) 
thrown [./open/src/hotspot/share/interpreter/linkResolver.cpp, line 782]
Event: 0.753 Thread 0x00000219c6ed6d60 Exception <a 'java/lang/NoSuchMethodError'{0x0000000620a02ea0}: 'java.lang.Object java.lang.invoke.DirectMethodHandle$Holder.invokeStaticInit(java.lang.Object, int, int, int, int)'> (0x0000000620a02ea0) 
thrown [./open/src/hotspot/share/interpreter/linkResolver.cpp, line 782]
Event: 0.790 Thread 0x00000219c6ed6d60 Exception <a 'java/lang/NoSuchMethodError'{0x0000000620aa15d8}: 'java.lang.Object java.lang.invoke.DirectMethodHandle$Holder.invokeStaticInit(java.lang.Object, java.lang.Object, int, int, int, int)'> (0x0000000620aa15d8) 
thrown [./open/src/hotspot/share/interpreter/linkResolver.cpp, line 782]
Event: 0.793 Thread 0x00000219c6ed6d60 Exception <a 'java/lang/NoSuchMethodError'{0x0000000620aac428}: 'java.lang.Object java.lang.invoke.Invokers$Holder.invoke_MT(java.lang.Object, java.lang.Object, java.lang.Object)'> (0x0000000620aac428) 
thrown [./open/src/hotspot/share/interpreter/linkResolver.cpp, line 782]

Events (20 events):
Event: 1.729 Executing VM operation: GetAllStackTraces
Event: 1.729 Executing VM operation: GetAllStackTraces done
Event: 1.740 Executing VM operation: GetAllStackTraces
Event: 1.740 Executing VM operation: GetAllStackTraces done
Event: 1.756 Executing VM operation: GetAllStackTraces
Event: 1.756 Executing VM operation: GetAllStackTraces done
Event: 1.772 Executing VM operation: GetAllStackTraces
Event: 1.772 Executing VM operation: GetAllStackTraces done
Event: 1.788 Executing VM operation: GetAllStackTraces
Event: 1.788 Executing VM operation: GetAllStackTraces done
Event: 1.797 loading class org/netbeans/lib/profiler/wireprotocol/EventBufferDumpedCommand
Event: 1.798 loading class org/netbeans/lib/profiler/wireprotocol/EventBufferDumpedCommand done
Event: 1.803 Executing VM operation: GetAllStackTraces
Event: 1.803 Executing VM operation: GetAllStackTraces done
Event: 1.803 Executing VM operation: HandshakeAllThreads
Event: 1.803 Executing VM operation: HandshakeAllThreads done
Event: 1.804 loading class org/netbeans/lib/profiler/wireprotocol/DumpResultsResponse
Event: 1.804 loading class org/netbeans/lib/profiler/wireprotocol/DumpResultsResponse done
Event: 1.806 loading class org/netbeans/lib/profiler/wireprotocol/GetMethodNamesForJMethodIdsCommand
Event: 1.806 loading class org/netbeans/lib/profiler/wireprotocol/GetMethodNamesForJMethodIdsCommand done


Dynamic libraries:
0x00007ff72e3d0000 - 0x00007ff72e3df000 	C:\Program Files\Java\jdk-15.0.1\bin\java.exe
0x00007ff9fe9f0000 - 0x00007ff9febe5000 	C:\WINDOWS\SYSTEM32\ntdll.dll
0x00007ff9fcb80000 - 0x00007ff9fcc3d000 	C:\WINDOWS\System32\KERNEL32.DLL
0x00007ff9fc520000 - 0x00007ff9fc7e8000 	C:\WINDOWS\System32\KERNELBASE.dll
0x00007ff9fc3f0000 - 0x00007ff9fc4f0000 	C:\WINDOWS\System32\ucrtbase.dll
0x00007ff9f8040000 - 0x00007ff9f8059000 	C:\Program Files\Java\jdk-15.0.1\bin\VCRUNTIME140.dll
0x00007ff9ed760000 - 0x00007ff9ed778000 	C:\Program Files\Java\jdk-15.0.1\bin\jli.dll
0x00007ff9fdce0000 - 0x00007ff9fdd8c000 	C:\WINDOWS\System32\ADVAPI32.dll
0x00007ff9fd170000 - 0x00007ff9fd20e000 	C:\WINDOWS\System32\msvcrt.dll
0x00007ff9fd6e0000 - 0x00007ff9fd77b000 	C:\WINDOWS\System32\sechost.dll
0x00007ff9fd4a0000 - 0x00007ff9fd5cb000 	C:\WINDOWS\System32\RPCRT4.dll
0x00007ff9fcdf0000 - 0x00007ff9fcf90000 	C:\WINDOWS\System32\USER32.dll
0x00007ff9fc230000 - 0x00007ff9fc252000 	C:\WINDOWS\System32\win32u.dll
0x00007ff9ee2b0000 - 0x00007ff9ee54a000 	C:\WINDOWS\WinSxS\amd64_microsoft.windows.common-controls_6595b64144ccf1df_6.0.19041.844_none_ca00b6081b84eb1d\COMCTL32.dll
0x00007ff9fd140000 - 0x00007ff9fd16a000 	C:\WINDOWS\System32\GDI32.dll
0x00007ff9fc260000 - 0x00007ff9fc36b000 	C:\WINDOWS\System32\gdi32full.dll
0x00007ff9fc130000 - 0x00007ff9fc1cd000 	C:\WINDOWS\System32\msvcp_win.dll
0x00007ff9f6bc0000 - 0x00007ff9f6bca000 	C:\WINDOWS\SYSTEM32\VERSION.dll
0x00007ff9fd5d0000 - 0x00007ff9fd600000 	C:\WINDOWS\System32\IMM32.DLL
0x00007ff9f80c0000 - 0x00007ff9f80cc000 	C:\Program Files\Java\jdk-15.0.1\bin\vcruntime140_1.dll
0x00007ff9e3b80000 - 0x00007ff9e3c11000 	C:\Program Files\Java\jdk-15.0.1\bin\msvcp140.dll
0x00007ff99e580000 - 0x00007ff99f0de000 	C:\Program Files\Java\jdk-15.0.1\bin\server\jvm.dll
0x00007ff9fd490000 - 0x00007ff9fd498000 	C:\WINDOWS\System32\PSAPI.DLL
0x00007ff9f3e40000 - 0x00007ff9f3e67000 	C:\WINDOWS\SYSTEM32\WINMM.dll
0x00007ff9eb1a0000 - 0x00007ff9eb1a9000 	C:\WINDOWS\SYSTEM32\WSOCK32.dll
0x00007ff9fd2b0000 - 0x00007ff9fd31b000 	C:\WINDOWS\System32\WS2_32.dll
0x00007ff9fa090000 - 0x00007ff9fa0a2000 	C:\WINDOWS\SYSTEM32\kernel.appcore.dll
0x00007ff9f8030000 - 0x00007ff9f803a000 	C:\Program Files\Java\jdk-15.0.1\bin\jimage.dll
0x00007ff9ed2b0000 - 0x00007ff9ed494000 	C:\WINDOWS\SYSTEM32\DBGHELP.DLL
0x00007ff9ec970000 - 0x00007ff9ec99c000 	C:\WINDOWS\SYSTEM32\dbgcore.DLL
0x00007ff9fc370000 - 0x00007ff9fc3f0000 	C:\WINDOWS\System32\bcryptPrimitives.dll
0x00007ff9f7fc0000 - 0x00007ff9f7fcf000 	C:\Program Files\NetBeans-12.2\netbeans\profiler\lib\deployed\jdk16\windows-amd64\profilerinterface.dll
0x00007ff9e6640000 - 0x00007ff9e6665000 	C:\Program Files\Java\jdk-15.0.1\bin\java.dll
0x00007ff9eb9d0000 - 0x00007ff9eb9e8000 	C:\Program Files\Java\jdk-15.0.1\bin\zip.dll
0x00007ff9fddf0000 - 0x00007ff9fe532000 	C:\WINDOWS\System32\SHELL32.dll
0x00007ff9fa290000 - 0x00007ff9faa21000 	C:\WINDOWS\SYSTEM32\windows.storage.dll
0x00007ff9fd780000 - 0x00007ff9fdad5000 	C:\WINDOWS\System32\combase.dll
0x00007ff9fbba0000 - 0x00007ff9fbbcc000 	C:\WINDOWS\SYSTEM32\Wldp.dll
0x00007ff9fd3e0000 - 0x00007ff9fd48e000 	C:\WINDOWS\System32\SHCORE.dll
0x00007ff9fcf90000 - 0x00007ff9fcfe5000 	C:\WINDOWS\System32\shlwapi.dll
0x00007ff9fc070000 - 0x00007ff9fc08f000 	C:\WINDOWS\SYSTEM32\profapi.dll
0x00007ff9ed800000 - 0x00007ff9ed819000 	C:\Program Files\Java\jdk-15.0.1\bin\net.dll
0x00007ff9f3170000 - 0x00007ff9f327b000 	C:\WINDOWS\SYSTEM32\WINHTTP.dll
0x00007ff9fb910000 - 0x00007ff9fb97a000 	C:\WINDOWS\system32\mswsock.dll
0x00007ff9ecfb0000 - 0x00007ff9ecfc2000 	C:\Program Files\Java\jdk-15.0.1\bin\nio.dll
0x00007ff9f7a50000 - 0x00007ff9f7a59000 	C:\Program Files\Java\jdk-15.0.1\bin\management.dll
0x00007ff9f7700000 - 0x00007ff9f770b000 	C:\Program Files\Java\jdk-15.0.1\bin\management_ext.dll
0x00007ff9fbae0000 - 0x00007ff9fbaf8000 	C:\WINDOWS\SYSTEM32\CRYPTSP.dll
0x00007ff9fb240000 - 0x00007ff9fb274000 	C:\WINDOWS\system32\rsaenh.dll
0x00007ff9fc4f0000 - 0x00007ff9fc517000 	C:\WINDOWS\System32\bcrypt.dll
0x00007ff9fc030000 - 0x00007ff9fc05e000 	C:\WINDOWS\SYSTEM32\USERENV.dll
0x00007ff9fbb00000 - 0x00007ff9fbb0c000 	C:\WINDOWS\SYSTEM32\CRYPTBASE.dll
0x00007ff9fb5b0000 - 0x00007ff9fb5eb000 	C:\WINDOWS\SYSTEM32\IPHLPAPI.DLL
0x00007ff9fd2a0000 - 0x00007ff9fd2a8000 	C:\WINDOWS\System32\NSI.dll
0x00007ff9f68a0000 - 0x00007ff9f68b7000 	C:\WINDOWS\SYSTEM32\dhcpcsvc6.DLL
0x00007ff9f68e0000 - 0x00007ff9f68fd000 	C:\WINDOWS\SYSTEM32\dhcpcsvc.DLL
0x00007ff9fb600000 - 0x00007ff9fb6cc000 	C:\WINDOWS\SYSTEM32\DNSAPI.dll

dbghelp: loaded successfully - version: 4.0.5 - missing functions: none
symbol engine: initialized successfully - sym options: 0x614 - pdb path: .;C:\Program Files\Java\jdk-15.0.1\bin;C:\WINDOWS\SYSTEM32;C:\WINDOWS\WinSxS\amd64_microsoft.windows.common-controls_6595b64144ccf1df_6.0.19041.844_none_ca00b6081b84eb1d;C:\Program Files\Java\jdk-15.0.1\bin\server;C:\Program Files\NetBeans-12.2\netbeans\profiler\lib\deployed\jdk16\windows-amd64

VM Arguments:
jvm_args: -Dfile.encoding=UTF-8 -agentpath:C:/Program Files/NetBeans-12.2/netbeans/profiler/lib/deployed/jdk16/windows-amd64/profilerinterface.dll=C:\Program Files\NetBeans-12.2\netbeans\profiler\lib,5140,10 -XX:+HeapDumpOnOutOfMemoryError -XX:HeapDumpPath=C:\Users\jimmy\Desktop\othello\nbproject\private\profiler 
java_command: com.mrjaffesclass.othello.Othello
java_class_path (initial): C:\Users\jimmy\Desktop\othello\build\classes
Launcher Type: SUN_STANDARD

[Global flags]
     intx CICompilerCount                          = 4                                         {product} {ergonomic}
     uint ConcGCThreads                            = 3                                         {product} {ergonomic}
     uint G1ConcRefinementThreads                  = 10                                        {product} {ergonomic}
   size_t G1HeapRegionSize                         = 4194304                                   {product} {ergonomic}
    uintx GCDrainStackTargetSize                   = 64                                        {product} {ergonomic}
     bool HeapDumpOnOutOfMemoryError               = true                                   {manageable} {command line}
    ccstr HeapDumpPath                             = C:\Users\jimmy\Desktop\othello\nbproject\private\profiler         {manageable} {command line}
   size_t InitialHeapSize                          = 536870912                                 {product} {ergonomic}
   size_t MarkStackSize                            = 4194304                                   {product} {ergonomic}
   size_t MaxHeapSize                              = 8573157376                                {product} {ergonomic}
   size_t MaxNewSize                               = 5142216704                                {product} {ergonomic}
   size_t MinHeapDeltaBytes                        = 4194304                                   {product} {ergonomic}
   size_t MinHeapSize                              = 8388608                                   {product} {ergonomic}
    uintx NonNMethodCodeHeapSize                   = 5839372                                {pd product} {ergonomic}
    uintx NonProfiledCodeHeapSize                  = 122909434                              {pd product} {ergonomic}
    uintx ProfiledCodeHeapSize                     = 122909434                              {pd product} {ergonomic}
    uintx ReservedCodeCacheSize                    = 251658240                              {pd product} {ergonomic}
     bool SegmentedCodeCache                       = true                                      {product} {ergonomic}
   size_t SoftMaxHeapSize                          = 8573157376                             {manageable} {ergonomic}
     bool UseCompressedClassPointers               = true                                 {lp64_product} {ergonomic}
     bool UseCompressedOops                        = true                                 {lp64_product} {ergonomic}
     bool UseG1GC                                  = true                                      {product} {ergonomic}
     bool UseLargePagesIndividualAllocation        = false                                  {pd product} {ergonomic}

Logging:
Log output configuration:
 #0: stdout all=warning uptime,level,tags
 #1: stderr all=off uptime,level,tags

Environment Variables:
JAVA_HOME=C:\Program Files\Java\jdk-15.0.1
PATH=C:\WINDOWS;C:\WINDOWS;C:\WINDOWS;C:\WINDOWS;C:\WINDOWS;C:\Python39\Scripts\;C:\Python39\;C:\Ffmpeg\bin;C:\Program Files\Common Files\Oracle\Java\javapath;C:\Program Files (x86)\Razer\ChromaBroadcast\bin;C:\Program Files\Razer\ChromaBroadcast\bin;C:\Python27\;C:\Python27\Scripts;C:\Program Files (x86)\Razer Chroma SDK\bin;C:\Program Files\Razer Chroma SDK\bin;C:\Program Files (x86)\Intel\iCLS Client\;C:\Program Files\Intel\iCLS Client\;C:\Windows\system32;C:\Windows;C:\Windows\System32\Wbem;C:\Windows\System32\WindowsPowerShell\v1.0\;C:\Program Files\Intel\WiFi\bin\;C:\Program Files\Common Files\Intel\WirelessCommon\;C:\Program Files (x86)\Intel\Intel(R) Management Engine Components\DAL;C:\Program Files\Intel\Intel(R) Management Engine Components\DAL;C:\Program Files (x86)\Intel\Intel(R) Management Engine Components\IPT;C:\Program Files\Intel\Intel(R) Management Engine Components\IPT;C:\Program Files (x86)\Brackets\command;C:\Program Files (x86)\NVIDIA Corporation\PhysX\Common;C:\WINDOWS\system32;C:\WINDOWS;C:\WINDOWS\System32\Wbem;C:\WINDOWS\System32\WindowsPowerShell\v1.0\;C:\WINDOWS\system32\co;C:\Program Files\nodejs\;C:\ProgramData\chocolatey\bin;C:\Program Files\Java\jdk-15.0.1;C:\Users\jimmy\AppData\Local\Programs\Python\Python37\Scripts\;C:\Users\jimmy\AppData\Local\Programs\Python\Python37\;C:\Users\jimmy\AppData\Local\Microsoft\WindowsApps;C:\Users\jimmy\AppData\Local\Programs\Git\cmd;C:\Users\jimmy\AppData\Local\GitHubDesktop\bin;C:\Program Files (x86)\FAHClient;C:\Users\jimmy\AppData\Local\Microsoft\WindowsApps;C:\ProgramData\Microsoft\Windows\Start Menu\Programs\Node.js;C:\Users\jimmy\AppData\Roaming\npm;C:\Program Files\Java\jdk-15.0.1;
USERNAME=jimmy
OS=Windows_NT
PROCESSOR_IDENTIFIER=AMD64 Family 23 Model 113 Stepping 0, AuthenticAMD



---------------  S Y S T E M  ---------------

OS:
 Windows 10 , 64 bit Build 19041 (10.0.19041.928)
OS uptime: 0 days 19:22 hours

CPU: total 12 (initial active 12) (12 cores per cpu, 2 threads per core) family 23 model 113 stepping 0 microcode 0x0, cmov, cx8, fxsr, mmx, sse, sse2, sse3, ssse3, sse4.1, sse4.2, popcnt, vzeroupper, avx, avx2, aes, clmul, 3dnowpref, lzcnt, sse4a, ht, tsc, tscinvbit, tscinv, bmi1, bmi2, adx, sha, fma, clflush, clflushopt

Memory: 4k page, system-wide physical 32694M (24534M free)
TotalPageFile size 37558M (AvailPageFile size 25618M)
current process WorkingSet (physical memory assigned to process): 416M, peak: 416M
current process commit charge ("private bytes"): 634M, peak: 637M

vm_info: Java HotSpot(TM) 64-Bit Server VM (15.0.1+9-18) for windows-amd64 JRE (15.0.1+9-18), built on Sep 15 2020 14:43:54 by "mach5one" with unknown MS VC++:1925

END.
