#
# A fatal error has been detected by the Java Runtime Environment:
#
#  EXCEPTION_ACCESS_VIOLATION (0xc0000005) at pc=0x00007ff99eb5c25b, pid=16272, tid=5468
#
# JRE version: Java(TM) SE Runtime Environment (15.0.1+9) (build 15.0.1+9-18)
# Java VM: Java HotSpot(TM) 64-Bit Server VM (15.0.1+9-18, mixed mode, sharing, tiered, compressed oops, g1 gc, windows-amd64)
# Problematic frame:
# V  [jvm.dll+0x5dc25b]
#
# No core dump will be written. Minidumps are not enabled by default on client versions of Windows
#
# If you would like to submit a bug report, please visit:
#   https://bugreport.java.com/bugreport/crash.jsp
#

---------------  S U M M A R Y ------------

Command Line: -Dfile.encoding=UTF-8 -agentpath:C:/Program Files/NetBeans-12.2/netbeans/profiler/lib/deployed/jdk16/windows-amd64/profilerinterface.dll=C:\Program Files\NetBeans-12.2\netbeans\profiler\lib,5140,10 -XX:+HeapDumpOnOutOfMemoryError -XX:HeapDumpPath=C:\Users\jimmy\Desktop\othello\nbproject\private\profiler com.mrjaffesclass.othello.Othello

Host: AMD Ryzen 5 3600 6-Core Processor              , 12 cores, 31G,  Windows 10 , 64 bit Build 19041 (10.0.19041.928)
Time: Sun May  2 19:27:38 2021 Pacific Daylight Time elapsed time: 1.903034 seconds (0d 0h 0m 1s)

---------------  T H R E A D  ---------------

Current thread (0x0000027ea2ba50f0):  JavaThread "*** Profiler Agent Communication Thread" daemon [_thread_in_vm, id=5468, stack(0x000000e63bf00000,0x000000e63c000000)]

Stack: [0x000000e63bf00000,0x000000e63c000000],  sp=0x000000e63bffea30,  free space=1018k
Native frames: (J=compiled Java code, j=interpreted, Vv=VM code, C=native code)
V  [jvm.dll+0x5dc25b]
V  [jvm.dll+0x49be8b]
C  [profilerinterface.dll+0x34da]

Java frames: (J=compiled Java code, j=interpreted, Vv=VM code)
j  org.netbeans.lib.profiler.server.system.Stacks.getMethodNamesForJMethodIds(I[I[I)[B+0
j  org.netbeans.lib.profiler.server.ProfilerInterface.getMethodNamesForJMethodIds([I)Lorg/netbeans/lib/profiler/wireprotocol/MethodNamesResponse;+20
j  org.netbeans.lib.profiler.server.ProfilerServer.handleClientCommand(Lorg/netbeans/lib/profiler/wireprotocol/Command;)V+691
j  org.netbeans.lib.profiler.server.ProfilerServer.listenToClient()V+48
j  org.netbeans.lib.profiler.server.ProfilerServer.run()V+22
v  ~StubRoutines::call_stub

siginfo: EXCEPTION_ACCESS_VIOLATION (0xc0000005), reading address 0xffffffffa36e9770


Register to memory mapping:

RIP=0x00007ff99eb5c25b jvm.dll
RAX=0x000000e63bffea01 is pointing into the stack for thread: 0x0000027ea2ba50f0
RBX=0x0000027ea2ba50f0 is a thread
RCX=0xffffffffa36e9770 is an unknown value
RDX=0x0000027ea2ba50f0 is a thread
RSP=0x000000e63bffea30 is pointing into the stack for thread: 0x0000027ea2ba50f0
RBP=0xffffffffa36e9770 is an unknown value
RSI=0x000000e63bffeb50 is pointing into the stack for thread: 0x0000027ea2ba50f0
RDI=0x0000027ef2b6a900 points into unknown readable memory: 0x00007ff99ef8b970 | 70 b9 f8 9e f9 7f 00 00
R8 =0x000000e63bffeb50 is pointing into the stack for thread: 0x0000027ea2ba50f0
R9 =0x0000000000000023 is an unknown value
R10=0x0 is NULL
R11=0x000000e63bffea28 is pointing into the stack for thread: 0x0000027ea2ba50f0
R12=0x0000027ea347ee70 points into unknown readable memory: 0x236e9780236e9770 | 70 97 6e 23 80 97 6e 23
R13=0x000000000000001e is an unknown value
R14=0x00007ff9f7fc9c68 profilerinterface.dll
R15=0x00007ff9f7fc9a60 profilerinterface.dll


Registers:
RAX=0x000000e63bffea01, RBX=0x0000027ea2ba50f0, RCX=0xffffffffa36e9770, RDX=0x0000027ea2ba50f0
RSP=0x000000e63bffea30, RBP=0xffffffffa36e9770, RSI=0x000000e63bffeb50, RDI=0x0000027ef2b6a900
R8 =0x000000e63bffeb50, R9 =0x0000000000000023, R10=0x0000000000000000, R11=0x000000e63bffea28
R12=0x0000027ea347ee70, R13=0x000000000000001e, R14=0x00007ff9f7fc9c68, R15=0x00007ff9f7fc9a60
RIP=0x00007ff99eb5c25b, EFLAGS=0x0000000000010282

Top of Stack: (sp=0x000000e63bffea30)
0x000000e63bffea30:   000000000000001e 0000027ea347ee70
0x000000e63bffea40:   0000027ea2ba50f0 000000e63bffec08
0x000000e63bffea50:   0000027ea2ba50f0 00007ff99ea1be8b
0x000000e63bffea60:   00000000000004b0 0000027ea2ba50f0
0x000000e63bffea70:   0000027ea2ba5418 00007ff9fd189d40
0x000000e63bffea80:   0000027ea2ba50f0 0000000000000000
0x000000e63bffea90:   0000027e00000000 0000000000000000
0x000000e63bffeaa0:   ffffffffa36e9770 00007ff9f7fc34da
0x000000e63bffeab0:   0000000000000000 0000027ea2ba5418
0x000000e63bffeac0:   0000000000001804 0000027ea24eddb0
0x000000e63bffead0:   0000027ea347ee70 00007ff99e8cc8a7
0x000000e63bffeae0:   000000000001bb5b 0000027e8002e1c4
0x000000e63bffeaf0:   0000027ea2ba50f0 0000000000001804
0x000000e63bffeb00:   0000027ea24eddb0 0000027ea2ba50f0
0x000000e63bffeb10:   0000027ea2ba50f0 0000027ea24eddb0
0x000000e63bffeb20:   0000000000000000 0000027e80009f00 

Instructions: (pc=0x00007ff99eb5c25b)
0x00007ff99eb5c15b:   00 00 4d 85 f6 74 3c 49 8b 06 49 8b ce 48 89 7c
0x00007ff99eb5c16b:   24 38 ff 50 30 49 8b 16 49 8b ce 48 63 d8 ff 52
0x00007ff99eb5c17b:   08 48 8b cd 0f b6 f8 e8 29 d0 be ff 48 8b c8 44
0x00007ff99eb5c18b:   0f b6 cf 4c 8b c3 49 8b d6 e8 57 44 ff ff 48 8b
0x00007ff99eb5c19b:   7c 24 38 48 8b 6c 24 58 80 3d b9 6e 4a 00 00 74
0x00007ff99eb5c1ab:   18 48 8b 4c 24 20 48 8b d6 e8 a7 26 00 00 48 83
0x00007ff99eb5c1bb:   7e 08 00 74 04 33 db eb 09 48 8b 44 24 20 48 8b
0x00007ff99eb5c1cb:   58 18 48 8d 4c 24 20 e8 f9 84 d3 ff 4c 8b 74 24
0x00007ff99eb5c1db:   30 48 8b c3 48 8b 5c 24 50 48 83 c4 40 5e c3 cc
0x00007ff99eb5c1eb:   cc cc cc cc cc 48 8b 51 08 4c 8b c1 48 8b 42 08
0x00007ff99eb5c1fb:   0f b6 52 24 c0 ea 06 48 8b 48 18 8b 81 a4 00 00
0x00007ff99eb5c20b:   00 f6 c2 01 75 27 48 85 c9 74 14 8b c8 c1 e9 09
0x00007ff99eb5c21b:   f6 c1 01 74 0a 41 f7 40 20 02 04 00 00 74 0e 41
0x00007ff99eb5c22b:   8b 48 20 0b c8 f6 c1 10 74 03 b0 01 c3 41 83 78
0x00007ff99eb5c23b:   24 fe 0f 94 c0 c3 cc cc cc cc cc cc cc cc cc cc
0x00007ff99eb5c24b:   cc cc cc cc cc 40 53 48 83 ec 20 48 85 c9 74 24
0x00007ff99eb5c25b:   48 8b 19 48 85 db 74 1c 48 83 fb 37 74 16 48 8b
0x00007ff99eb5c26b:   13 48 8b cb ff 52 10 84 c0 74 09 48 8b c3 48 83
0x00007ff99eb5c27b:   c4 20 5b c3 33 c0 48 83 c4 20 5b c3 cc cc cc cc
0x00007ff99eb5c28b:   cc cc cc cc cc 40 53 55 41 56 41 57 48 83 ec 28
0x00007ff99eb5c29b:   48 8b 41 08 33 ed 4c 8b f1 48 8b 50 08 4c 8b 7a
0x00007ff99eb5c2ab:   18 49 8b 9f 70 01 00 00 48 85 db 0f 84 e5 00 00
0x00007ff99eb5c2bb:   00 8b 15 0a 3c 4f 00 65 48 8b 04 25 58 00 00 00
0x00007ff99eb5c2cb:   48 89 74 24 50 4c 89 64 24 60 4c 89 6c 24 20 41
0x00007ff99eb5c2db:   bd ff ff 00 00 4c 8d 24 d0 41 b8 40 00 00 00 48
0x00007ff99eb5c2eb:   89 7c 24 58 90 49 8b 56 08 48 8b 73 10 0f b7 42
0x00007ff99eb5c2fb:   2a 66 39 43 08 75 7c 0f b7 42 2c 66 39 43 0a 75
0x00007ff99eb5c30b:   72 0f b6 03 48 63 4b 04 49 8b 3c 24 88 44 11 38
0x00007ff99eb5c31b:   41 8b c0 80 3c 38 00 75 05 e8 c3 c3 1f 00 b8 08
0x00007ff99eb5c32b:   00 00 00 49 8b ce 48 8b 3c 38 48 8b d7 e8 c3 2b
0x00007ff99eb5c33b:   bc ff 48 83 7f 08 00 75 0a 48 85 c0 74 05 66 44
0x00007ff99eb5c34b:   01 68 16 48 85 ed 74 14 48 8b cb 48 89 75 10 e8 


Stack slot to memory mapping:
stack at sp + 0 slots: 0x000000000000001e is an unknown value
stack at sp + 1 slots: 0x0000027ea347ee70 points into unknown readable memory: 0x236e9780236e9770 | 70 97 6e 23 80 97 6e 23
stack at sp + 2 slots: 0x0000027ea2ba50f0 is a thread
stack at sp + 3 slots: 0x000000e63bffec08 is pointing into the stack for thread: 0x0000027ea2ba50f0
stack at sp + 4 slots: 0x0000027ea2ba50f0 is a thread
stack at sp + 5 slots: 0x00007ff99ea1be8b jvm.dll
stack at sp + 6 slots: 0x00000000000004b0 is an unknown value
stack at sp + 7 slots: 0x0000027ea2ba50f0 is a thread


---------------  P R O C E S S  ---------------

Threads class SMR info:
_java_thread_list=0x0000027ea39b5c10, length=16, elements={
0x0000027ef4cf3170, 0x0000027ea212acf0, 0x0000027ea212b8c0, 0x0000027ea213efb0,
0x0000027ea2143a80, 0x0000027ea2145540, 0x0000027ea21463d0, 0x0000027ea214a470,
0x0000027ea2154e80, 0x0000027ea2b1d510, 0x0000027ea2ba50f0, 0x0000027ea2bfa190,
0x0000027ea2bfaa60, 0x0000027ea36f2220, 0x0000027ea36f26f0, 0x0000027ea37c3f20
}

Java Threads: ( => current thread )
  0x0000027ef4cf3170 JavaThread "main" [_thread_blocked, id=13212, stack(0x000000e63af00000,0x000000e63b000000)]
  0x0000027ea212acf0 JavaThread "Reference Handler" daemon [_thread_blocked, id=13148, stack(0x000000e63b600000,0x000000e63b700000)]
  0x0000027ea212b8c0 JavaThread "Finalizer" daemon [_thread_blocked, id=16476, stack(0x000000e63b700000,0x000000e63b800000)]
  0x0000027ea213efb0 JavaThread "Signal Dispatcher" daemon [_thread_blocked, id=6748, stack(0x000000e63b800000,0x000000e63b900000)]
  0x0000027ea2143a80 JavaThread "Attach Listener" daemon [_thread_blocked, id=16720, stack(0x000000e63b900000,0x000000e63ba00000)]
  0x0000027ea2145540 JavaThread "Service Thread" daemon [_thread_blocked, id=15868, stack(0x000000e63ba00000,0x000000e63bb00000)]
  0x0000027ea21463d0 JavaThread "C2 CompilerThread0" daemon [_thread_blocked, id=15560, stack(0x000000e63bb00000,0x000000e63bc00000)]
  0x0000027ea214a470 JavaThread "C1 CompilerThread0" daemon [_thread_blocked, id=11224, stack(0x000000e63bc00000,0x000000e63bd00000)]
  0x0000027ea2154e80 JavaThread "Sweeper thread" daemon [_thread_blocked, id=11772, stack(0x000000e63bd00000,0x000000e63be00000)]
  0x0000027ea2b1d510 JavaThread "Common-Cleaner" daemon [_thread_blocked, id=8260, stack(0x000000e63be00000,0x000000e63bf00000)]
=>0x0000027ea2ba50f0 JavaThread "*** Profiler Agent Communication Thread" daemon [_thread_in_vm, id=5468, stack(0x000000e63bf00000,0x000000e63c000000)]
  0x0000027ea2bfa190 JavaThread "*** JFluid Monitor thread ***" daemon [_thread_blocked, id=12352, stack(0x000000e63c000000,0x000000e63c100000)]
  0x0000027ea2bfaa60 JavaThread "*** Profiler Agent Special Execution Thread 6" daemon [_thread_blocked, id=7248, stack(0x000000e63c100000,0x000000e63c200000)]
  0x0000027ea36f2220 JavaThread "*** Profiler Agent Special Execution Thread 10" daemon [_thread_blocked, id=6596, stack(0x000000e63c300000,0x000000e63c400000)]
  0x0000027ea36f26f0 JavaThread "Notification Thread" daemon [_thread_blocked, id=17008, stack(0x000000e63c200000,0x000000e63c300000)]
  0x0000027ea37c3f20 JavaThread "C2 CompilerThread1" daemon [_thread_blocked, id=6480, stack(0x000000e63c500000,0x000000e63c600000)]

Other Threads:
  0x0000027ea2123ce0 VMThread "VM Thread" [stack: 0x000000e63b500000,0x000000e63b600000] [id=7220] _threads_hazard_ptr=0x0000027ea39b5c10
  0x0000027ef4cf4320 WatcherThread [stack: 0x000000e63c400000,0x000000e63c500000] [id=8624]
  0x0000027ef4d6b720 GCTaskThread "GC Thread#0" [stack: 0x000000e63b000000,0x000000e63b100000] [id=17084]
  0x0000027ea2b91ce0 GCTaskThread "GC Thread#1" [stack: 0x000000e63c700000,0x000000e63c800000] [id=15516]
  0x0000027ea2b93cc0 GCTaskThread "GC Thread#2" [stack: 0x000000e63c800000,0x000000e63c900000] [id=12264]
  0x0000027ea2b93660 GCTaskThread "GC Thread#3" [stack: 0x000000e63c900000,0x000000e63ca00000] [id=16004]
  0x0000027ea2b93ff0 GCTaskThread "GC Thread#4" [stack: 0x000000e63ca00000,0x000000e63cb00000] [id=9116]
  0x0000027ea2b94320 GCTaskThread "GC Thread#5" [stack: 0x000000e63cb00000,0x000000e63cc00000] [id=16600]
  0x0000027ea2b93330 GCTaskThread "GC Thread#6" [stack: 0x000000e63cc00000,0x000000e63cd00000] [id=7980]
  0x0000027ea2b92cd0 GCTaskThread "GC Thread#7" [stack: 0x000000e63cd00000,0x000000e63ce00000] [id=13264]
  0x0000027ea2b92340 GCTaskThread "GC Thread#8" [stack: 0x000000e63ce00000,0x000000e63cf00000] [id=5376]
  0x0000027ea2b92010 GCTaskThread "GC Thread#9" [stack: 0x000000e63cf00000,0x000000e63d000000] [id=6504]
  0x0000027ef4d7c970 ConcurrentGCThread "G1 Main Marker" [stack: 0x000000e63b100000,0x000000e63b200000] [id=18072]
  0x0000027ef4d7f110 ConcurrentGCThread "G1 Conc#0" [stack: 0x000000e63b200000,0x000000e63b300000] [id=18172]
  0x0000027ea20144f0 ConcurrentGCThread "G1 Refine#0" [stack: 0x000000e63b300000,0x000000e63b400000] [id=7604]
  0x0000027ea20150f0 ConcurrentGCThread "G1 Young RemSet Sampling" [stack: 0x000000e63b400000,0x000000e63b500000] [id=14236]

Threads with active compile tasks:

VM state: synchronizing (normal execution)

VM Mutex/Monitor currently owned by a thread:  ([mutex/lock_event])
[0x0000027ef4cef020] Threads_lock - owner thread: 0x0000027ea2123ce0

Heap address: 0x0000000601000000, size: 8176 MB, Compressed Oops mode: Zero based, Oop shift amount: 3
CDS archive(s) mapped at: [0x0000000800000000-0x0000000800b50000-0x0000000800b50000), size 11862016, SharedBaseAddress: 0x0000000800000000, ArchiveRelocationMode: 0.
Compressed class space mapped at: 0x0000000800b50000-0x0000000840b50000, size: 1073741824
Narrow klass base: 0x0000000800000000, Narrow klass shift: 3, Narrow klass range: 0x100000000

GC Precious Log:
 CPUs: 12 total, 12 available
 Memory: 32694M
 Large Page Support: Disabled
 NUMA Support: Disabled
 Compressed Oops: Enabled (Zero based)
 Heap Region Size: 4M
 Heap Min Capacity: 8M
 Heap Initial Capacity: 512M
 Heap Max Capacity: 8176M
 Pre-touch: Disabled
 Parallel Workers: 10
 Concurrent Workers: 3
 Concurrent Refinement Workers: 10
 Periodic GC: Disabled

Heap:
 garbage-first heap   total 667648K, used 97308K [0x0000000601000000, 0x0000000800000000)
  region size 4096K, 14 young (57344K), 7 survivors (28672K)
 Metaspace       used 5046K, capacity 5162K, committed 5248K, reserved 1056768K
  class space    used 545K, capacity 608K, committed 640K, reserved 1048576K

Heap Regions: E=young(eden), S=young(survivor), O=old, HS=humongous(starts), HC=humongous(continues), CS=collection set, F=free, OA=open archive, CA=closed archive, TAMS=top-at-mark-start (previous, next)
|   0|0x0000000601000000, 0x0000000601400000, 0x0000000601400000|100%| O|  |TAMS 0x0000000601000000, 0x0000000601000000| Untracked 
|   1|0x0000000601400000, 0x0000000601800000, 0x0000000601800000|100%| O|  |TAMS 0x0000000601400000, 0x0000000601400000| Untracked 
|   2|0x0000000601800000, 0x0000000601c00000, 0x0000000601c00000|100%| O|  |TAMS 0x0000000601800000, 0x0000000601800000| Untracked 
|   3|0x0000000601c00000, 0x0000000602000000, 0x0000000602000000|100%| O|  |TAMS 0x0000000601c00000, 0x0000000601c00000| Untracked 
|   4|0x0000000602000000, 0x0000000602400000, 0x0000000602400000|100%| O|  |TAMS 0x0000000602000000, 0x0000000602000000| Untracked 
|   5|0x0000000602400000, 0x0000000602800000, 0x0000000602800000|100%| O|  |TAMS 0x0000000602400000, 0x0000000602400000| Untracked 
|   6|0x0000000602800000, 0x0000000602c00000, 0x0000000602c00000|100%| O|  |TAMS 0x0000000602800000, 0x0000000602800000| Untracked 
|   7|0x0000000602c00000, 0x0000000603000000, 0x0000000603000000|100%| O|  |TAMS 0x0000000602c00000, 0x0000000602c00000| Untracked 
|   8|0x0000000603000000, 0x0000000603400000, 0x0000000603400000|100%| O|  |TAMS 0x0000000603000000, 0x0000000603000000| Untracked 
|   9|0x0000000603400000, 0x0000000603800000, 0x0000000603800000|100%| O|  |TAMS 0x0000000603400000, 0x0000000603400000| Untracked 
|  10|0x0000000603800000, 0x0000000603bb2200, 0x0000000603c00000| 92%| O|  |TAMS 0x0000000603800000, 0x0000000603800000| Untracked 
|  11|0x0000000603c00000, 0x0000000603c00000, 0x0000000604000000|  0%| F|  |TAMS 0x0000000603c00000, 0x0000000603c00000| Untracked 
|  12|0x0000000604000000, 0x0000000604000000, 0x0000000604400000|  0%| F|  |TAMS 0x0000000604000000, 0x0000000604000000| Untracked 
|  13|0x0000000604400000, 0x0000000604400000, 0x0000000604800000|  0%| F|  |TAMS 0x0000000604400000, 0x0000000604400000| Untracked 
|  14|0x0000000604800000, 0x0000000604800000, 0x0000000604c00000|  0%| F|  |TAMS 0x0000000604800000, 0x0000000604800000| Untracked 
|  15|0x0000000604c00000, 0x0000000604c00000, 0x0000000605000000|  0%| F|  |TAMS 0x0000000604c00000, 0x0000000604c00000| Untracked 
|  16|0x0000000605000000, 0x0000000605000000, 0x0000000605400000|  0%| F|  |TAMS 0x0000000605000000, 0x0000000605000000| Untracked 
|  17|0x0000000605400000, 0x0000000605400000, 0x0000000605800000|  0%| F|  |TAMS 0x0000000605400000, 0x0000000605400000| Untracked 
|  18|0x0000000605800000, 0x0000000605800000, 0x0000000605c00000|  0%| F|  |TAMS 0x0000000605800000, 0x0000000605800000| Untracked 
|  19|0x0000000605c00000, 0x0000000605c00000, 0x0000000606000000|  0%| F|  |TAMS 0x0000000605c00000, 0x0000000605c00000| Untracked 
|  20|0x0000000606000000, 0x0000000606000000, 0x0000000606400000|  0%| F|  |TAMS 0x0000000606000000, 0x0000000606000000| Untracked 
|  21|0x0000000606400000, 0x0000000606400000, 0x0000000606800000|  0%| F|  |TAMS 0x0000000606400000, 0x0000000606400000| Untracked 
|  22|0x0000000606800000, 0x0000000606800000, 0x0000000606c00000|  0%| F|  |TAMS 0x0000000606800000, 0x0000000606800000| Untracked 
|  23|0x0000000606c00000, 0x0000000606c00000, 0x0000000607000000|  0%| F|  |TAMS 0x0000000606c00000, 0x0000000606c00000| Untracked 
|  24|0x0000000607000000, 0x0000000607000000, 0x0000000607400000|  0%| F|  |TAMS 0x0000000607000000, 0x0000000607000000| Untracked 
|  25|0x0000000607400000, 0x0000000607400000, 0x0000000607800000|  0%| F|  |TAMS 0x0000000607400000, 0x0000000607400000| Untracked 
|  26|0x0000000607800000, 0x0000000607800000, 0x0000000607c00000|  0%| F|  |TAMS 0x0000000607800000, 0x0000000607800000| Untracked 
|  27|0x0000000607c00000, 0x0000000607c00000, 0x0000000608000000|  0%| F|  |TAMS 0x0000000607c00000, 0x0000000607c00000| Untracked 
|  28|0x0000000608000000, 0x0000000608000000, 0x0000000608400000|  0%| F|  |TAMS 0x0000000608000000, 0x0000000608000000| Untracked 
|  29|0x0000000608400000, 0x0000000608400000, 0x0000000608800000|  0%| F|  |TAMS 0x0000000608400000, 0x0000000608400000| Untracked 
|  30|0x0000000608800000, 0x0000000608800000, 0x0000000608c00000|  0%| F|  |TAMS 0x0000000608800000, 0x0000000608800000| Untracked 
|  31|0x0000000608c00000, 0x0000000608c00000, 0x0000000609000000|  0%| F|  |TAMS 0x0000000608c00000, 0x0000000608c00000| Untracked 
|  32|0x0000000609000000, 0x0000000609000000, 0x0000000609400000|  0%| F|  |TAMS 0x0000000609000000, 0x0000000609000000| Untracked 
|  33|0x0000000609400000, 0x0000000609400000, 0x0000000609800000|  0%| F|  |TAMS 0x0000000609400000, 0x0000000609400000| Untracked 
|  34|0x0000000609800000, 0x0000000609800000, 0x0000000609c00000|  0%| F|  |TAMS 0x0000000609800000, 0x0000000609800000| Untracked 
|  35|0x0000000609c00000, 0x0000000609c00000, 0x000000060a000000|  0%| F|  |TAMS 0x0000000609c00000, 0x0000000609c00000| Untracked 
|  36|0x000000060a000000, 0x000000060a000000, 0x000000060a400000|  0%| F|  |TAMS 0x000000060a000000, 0x000000060a000000| Untracked 
|  37|0x000000060a400000, 0x000000060a400000, 0x000000060a800000|  0%| F|  |TAMS 0x000000060a400000, 0x000000060a400000| Untracked 
|  38|0x000000060a800000, 0x000000060a800000, 0x000000060ac00000|  0%| F|  |TAMS 0x000000060a800000, 0x000000060a800000| Untracked 
|  39|0x000000060ac00000, 0x000000060ac00000, 0x000000060b000000|  0%| F|  |TAMS 0x000000060ac00000, 0x000000060ac00000| Untracked 
|  40|0x000000060b000000, 0x000000060b000000, 0x000000060b400000|  0%| F|  |TAMS 0x000000060b000000, 0x000000060b000000| Untracked 
|  41|0x000000060b400000, 0x000000060b400000, 0x000000060b800000|  0%| F|  |TAMS 0x000000060b400000, 0x000000060b400000| Untracked 
|  42|0x000000060b800000, 0x000000060b800000, 0x000000060bc00000|  0%| F|  |TAMS 0x000000060b800000, 0x000000060b800000| Untracked 
|  43|0x000000060bc00000, 0x000000060bc00000, 0x000000060c000000|  0%| F|  |TAMS 0x000000060bc00000, 0x000000060bc00000| Untracked 
|  44|0x000000060c000000, 0x000000060c000000, 0x000000060c400000|  0%| F|  |TAMS 0x000000060c000000, 0x000000060c000000| Untracked 
|  45|0x000000060c400000, 0x000000060c400000, 0x000000060c800000|  0%| F|  |TAMS 0x000000060c400000, 0x000000060c400000| Untracked 
|  46|0x000000060c800000, 0x000000060c800000, 0x000000060cc00000|  0%| F|  |TAMS 0x000000060c800000, 0x000000060c800000| Untracked 
|  47|0x000000060cc00000, 0x000000060cc00000, 0x000000060d000000|  0%| F|  |TAMS 0x000000060cc00000, 0x000000060cc00000| Untracked 
|  48|0x000000060d000000, 0x000000060d354f28, 0x000000060d400000| 83%| S|CS|TAMS 0x000000060d000000, 0x000000060d000000| Complete 
|  49|0x000000060d400000, 0x000000060d800000, 0x000000060d800000|100%| S|CS|TAMS 0x000000060d400000, 0x000000060d400000| Complete 
|  50|0x000000060d800000, 0x000000060dc00000, 0x000000060dc00000|100%| S|CS|TAMS 0x000000060d800000, 0x000000060d800000| Complete 
|  51|0x000000060dc00000, 0x000000060e000000, 0x000000060e000000|100%| S|CS|TAMS 0x000000060dc00000, 0x000000060dc00000| Complete 
|  52|0x000000060e000000, 0x000000060e000000, 0x000000060e400000|  0%| F|  |TAMS 0x000000060e000000, 0x000000060e000000| Untracked 
|  53|0x000000060e400000, 0x000000060e400000, 0x000000060e800000|  0%| F|  |TAMS 0x000000060e400000, 0x000000060e400000| Untracked 
|  54|0x000000060e800000, 0x000000060e800000, 0x000000060ec00000|  0%| F|  |TAMS 0x000000060e800000, 0x000000060e800000| Untracked 
|  55|0x000000060ec00000, 0x000000060ec00000, 0x000000060f000000|  0%| F|  |TAMS 0x000000060ec00000, 0x000000060ec00000| Untracked 
|  56|0x000000060f000000, 0x000000060f400000, 0x000000060f400000|100%| S|CS|TAMS 0x000000060f000000, 0x000000060f000000| Complete 
|  57|0x000000060f400000, 0x000000060f800000, 0x000000060f800000|100%| S|CS|TAMS 0x000000060f400000, 0x000000060f400000| Complete 
|  58|0x000000060f800000, 0x000000060fc00000, 0x000000060fc00000|100%| S|CS|TAMS 0x000000060f800000, 0x000000060f800000| Complete 
|  59|0x000000060fc00000, 0x000000060fc00000, 0x0000000610000000|  0%| F|  |TAMS 0x000000060fc00000, 0x000000060fc00000| Untracked 
|  60|0x0000000610000000, 0x0000000610000000, 0x0000000610400000|  0%| F|  |TAMS 0x0000000610000000, 0x0000000610000000| Untracked 
|  61|0x0000000610400000, 0x0000000610400000, 0x0000000610800000|  0%| F|  |TAMS 0x0000000610400000, 0x0000000610400000| Untracked 
|  62|0x0000000610800000, 0x0000000610800000, 0x0000000610c00000|  0%| F|  |TAMS 0x0000000610800000, 0x0000000610800000| Untracked 
|  63|0x0000000610c00000, 0x0000000610c00000, 0x0000000611000000|  0%| F|  |TAMS 0x0000000610c00000, 0x0000000610c00000| Untracked 
|  64|0x0000000611000000, 0x0000000611000000, 0x0000000611400000|  0%| F|  |TAMS 0x0000000611000000, 0x0000000611000000| Untracked 
|  65|0x0000000611400000, 0x0000000611400000, 0x0000000611800000|  0%| F|  |TAMS 0x0000000611400000, 0x0000000611400000| Untracked 
|  66|0x0000000611800000, 0x0000000611800000, 0x0000000611c00000|  0%| F|  |TAMS 0x0000000611800000, 0x0000000611800000| Untracked 
|  67|0x0000000611c00000, 0x0000000611c00000, 0x0000000612000000|  0%| F|  |TAMS 0x0000000611c00000, 0x0000000611c00000| Untracked 
|  68|0x0000000612000000, 0x0000000612000000, 0x0000000612400000|  0%| F|  |TAMS 0x0000000612000000, 0x0000000612000000| Untracked 
|  69|0x0000000612400000, 0x0000000612400000, 0x0000000612800000|  0%| F|  |TAMS 0x0000000612400000, 0x0000000612400000| Untracked 
|  70|0x0000000612800000, 0x0000000612800000, 0x0000000612c00000|  0%| F|  |TAMS 0x0000000612800000, 0x0000000612800000| Untracked 
|  71|0x0000000612c00000, 0x0000000612c00000, 0x0000000613000000|  0%| F|  |TAMS 0x0000000612c00000, 0x0000000612c00000| Untracked 
|  72|0x0000000613000000, 0x0000000613000000, 0x0000000613400000|  0%| F|  |TAMS 0x0000000613000000, 0x0000000613000000| Untracked 
|  73|0x0000000613400000, 0x0000000613400000, 0x0000000613800000|  0%| F|  |TAMS 0x0000000613400000, 0x0000000613400000| Untracked 
|  74|0x0000000613800000, 0x0000000613800000, 0x0000000613c00000|  0%| F|  |TAMS 0x0000000613800000, 0x0000000613800000| Untracked 
|  75|0x0000000613c00000, 0x0000000613c00000, 0x0000000614000000|  0%| F|  |TAMS 0x0000000613c00000, 0x0000000613c00000| Untracked 
|  76|0x0000000614000000, 0x0000000614000000, 0x0000000614400000|  0%| F|  |TAMS 0x0000000614000000, 0x0000000614000000| Untracked 
|  77|0x0000000614400000, 0x0000000614400000, 0x0000000614800000|  0%| F|  |TAMS 0x0000000614400000, 0x0000000614400000| Untracked 
|  78|0x0000000614800000, 0x0000000614800000, 0x0000000614c00000|  0%| F|  |TAMS 0x0000000614800000, 0x0000000614800000| Untracked 
|  79|0x0000000614c00000, 0x0000000614c00000, 0x0000000615000000|  0%| F|  |TAMS 0x0000000614c00000, 0x0000000614c00000| Untracked 
|  80|0x0000000615000000, 0x0000000615000000, 0x0000000615400000|  0%| F|  |TAMS 0x0000000615000000, 0x0000000615000000| Untracked 
|  81|0x0000000615400000, 0x0000000615400000, 0x0000000615800000|  0%| F|  |TAMS 0x0000000615400000, 0x0000000615400000| Untracked 
|  82|0x0000000615800000, 0x0000000615800000, 0x0000000615c00000|  0%| F|  |TAMS 0x0000000615800000, 0x0000000615800000| Untracked 
|  83|0x0000000615c00000, 0x0000000615c00000, 0x0000000616000000|  0%| F|  |TAMS 0x0000000615c00000, 0x0000000615c00000| Untracked 
|  84|0x0000000616000000, 0x0000000616000000, 0x0000000616400000|  0%| F|  |TAMS 0x0000000616000000, 0x0000000616000000| Untracked 
|  85|0x0000000616400000, 0x0000000616400000, 0x0000000616800000|  0%| F|  |TAMS 0x0000000616400000, 0x0000000616400000| Untracked 
|  86|0x0000000616800000, 0x0000000616800000, 0x0000000616c00000|  0%| F|  |TAMS 0x0000000616800000, 0x0000000616800000| Untracked 
|  87|0x0000000616c00000, 0x0000000616c00000, 0x0000000617000000|  0%| F|  |TAMS 0x0000000616c00000, 0x0000000616c00000| Untracked 
|  88|0x0000000617000000, 0x0000000617000000, 0x0000000617400000|  0%| F|  |TAMS 0x0000000617000000, 0x0000000617000000| Untracked 
|  89|0x0000000617400000, 0x0000000617400000, 0x0000000617800000|  0%| F|  |TAMS 0x0000000617400000, 0x0000000617400000| Untracked 
|  90|0x0000000617800000, 0x0000000617800000, 0x0000000617c00000|  0%| F|  |TAMS 0x0000000617800000, 0x0000000617800000| Untracked 
|  91|0x0000000617c00000, 0x0000000617c00000, 0x0000000618000000|  0%| F|  |TAMS 0x0000000617c00000, 0x0000000617c00000| Untracked 
|  92|0x0000000618000000, 0x0000000618000000, 0x0000000618400000|  0%| F|  |TAMS 0x0000000618000000, 0x0000000618000000| Untracked 
|  93|0x0000000618400000, 0x0000000618400000, 0x0000000618800000|  0%| F|  |TAMS 0x0000000618400000, 0x0000000618400000| Untracked 
|  94|0x0000000618800000, 0x0000000618800000, 0x0000000618c00000|  0%| F|  |TAMS 0x0000000618800000, 0x0000000618800000| Untracked 
|  95|0x0000000618c00000, 0x0000000618c00000, 0x0000000619000000|  0%| F|  |TAMS 0x0000000618c00000, 0x0000000618c00000| Untracked 
|  96|0x0000000619000000, 0x0000000619000000, 0x0000000619400000|  0%| F|  |TAMS 0x0000000619000000, 0x0000000619000000| Untracked 
|  97|0x0000000619400000, 0x0000000619400000, 0x0000000619800000|  0%| F|  |TAMS 0x0000000619400000, 0x0000000619400000| Untracked 
|  98|0x0000000619800000, 0x0000000619800000, 0x0000000619c00000|  0%| F|  |TAMS 0x0000000619800000, 0x0000000619800000| Untracked 
|  99|0x0000000619c00000, 0x0000000619c00000, 0x000000061a000000|  0%| F|  |TAMS 0x0000000619c00000, 0x0000000619c00000| Untracked 
| 100|0x000000061a000000, 0x000000061a000000, 0x000000061a400000|  0%| F|  |TAMS 0x000000061a000000, 0x000000061a000000| Untracked 
| 101|0x000000061a400000, 0x000000061a400000, 0x000000061a800000|  0%| F|  |TAMS 0x000000061a400000, 0x000000061a400000| Untracked 
| 102|0x000000061a800000, 0x000000061a800000, 0x000000061ac00000|  0%| F|  |TAMS 0x000000061a800000, 0x000000061a800000| Untracked 
| 103|0x000000061ac00000, 0x000000061ac00000, 0x000000061b000000|  0%| F|  |TAMS 0x000000061ac00000, 0x000000061ac00000| Untracked 
| 104|0x000000061b000000, 0x000000061b000000, 0x000000061b400000|  0%| F|  |TAMS 0x000000061b000000, 0x000000061b000000| Untracked 
| 105|0x000000061b400000, 0x000000061b400000, 0x000000061b800000|  0%| F|  |TAMS 0x000000061b400000, 0x000000061b400000| Untracked 
| 106|0x000000061b800000, 0x000000061b800000, 0x000000061bc00000|  0%| F|  |TAMS 0x000000061b800000, 0x000000061b800000| Untracked 
| 107|0x000000061bc00000, 0x000000061bc00000, 0x000000061c000000|  0%| F|  |TAMS 0x000000061bc00000, 0x000000061bc00000| Untracked 
| 108|0x000000061c000000, 0x000000061c000000, 0x000000061c400000|  0%| F|  |TAMS 0x000000061c000000, 0x000000061c000000| Untracked 
| 109|0x000000061c400000, 0x000000061c400000, 0x000000061c800000|  0%| F|  |TAMS 0x000000061c400000, 0x000000061c400000| Untracked 
| 110|0x000000061c800000, 0x000000061c800000, 0x000000061cc00000|  0%| F|  |TAMS 0x000000061c800000, 0x000000061c800000| Untracked 
| 111|0x000000061cc00000, 0x000000061cc00000, 0x000000061d000000|  0%| F|  |TAMS 0x000000061cc00000, 0x000000061cc00000| Untracked 
| 112|0x000000061d000000, 0x000000061d000000, 0x000000061d400000|  0%| F|  |TAMS 0x000000061d000000, 0x000000061d000000| Untracked 
| 113|0x000000061d400000, 0x000000061d400000, 0x000000061d800000|  0%| F|  |TAMS 0x000000061d400000, 0x000000061d400000| Untracked 
| 114|0x000000061d800000, 0x000000061d800000, 0x000000061dc00000|  0%| F|  |TAMS 0x000000061d800000, 0x000000061d800000| Untracked 
| 115|0x000000061dc00000, 0x000000061dc00000, 0x000000061e000000|  0%| F|  |TAMS 0x000000061dc00000, 0x000000061dc00000| Untracked 
| 116|0x000000061e000000, 0x000000061e000000, 0x000000061e400000|  0%| F|  |TAMS 0x000000061e000000, 0x000000061e000000| Untracked 
| 117|0x000000061e400000, 0x000000061e400000, 0x000000061e800000|  0%| F|  |TAMS 0x000000061e400000, 0x000000061e400000| Untracked 
| 118|0x000000061e800000, 0x000000061e800000, 0x000000061ec00000|  0%| F|  |TAMS 0x000000061e800000, 0x000000061e800000| Untracked 
| 119|0x000000061ec00000, 0x000000061ec00000, 0x000000061f000000|  0%| F|  |TAMS 0x000000061ec00000, 0x000000061ec00000| Untracked 
| 120|0x000000061f000000, 0x000000061f000000, 0x000000061f400000|  0%| F|  |TAMS 0x000000061f000000, 0x000000061f000000| Untracked 
| 121|0x000000061f400000, 0x000000061f400000, 0x000000061f800000|  0%| F|  |TAMS 0x000000061f400000, 0x000000061f400000| Untracked 
| 122|0x000000061f800000, 0x000000061f800000, 0x000000061fc00000|  0%| F|  |TAMS 0x000000061f800000, 0x000000061f800000| Untracked 
| 123|0x000000061fc00000, 0x000000061fc00000, 0x0000000620000000|  0%| F|  |TAMS 0x000000061fc00000, 0x000000061fc00000| Untracked 
| 124|0x0000000620000000, 0x0000000620000000, 0x0000000620400000|  0%| F|  |TAMS 0x0000000620000000, 0x0000000620000000| Untracked 
| 125|0x0000000620400000, 0x0000000620400000, 0x0000000620800000|  0%| F|  |TAMS 0x0000000620400000, 0x0000000620400000| Untracked 
| 126|0x0000000620800000, 0x0000000620800000, 0x0000000620c00000|  0%| F|  |TAMS 0x0000000620800000, 0x0000000620800000| Untracked 
| 127|0x0000000620c00000, 0x0000000620c00000, 0x0000000621000000|  0%| F|  |TAMS 0x0000000620c00000, 0x0000000620c00000| Untracked 
| 128|0x0000000621000000, 0x0000000621000000, 0x0000000621400000|  0%| F|  |TAMS 0x0000000621000000, 0x0000000621000000| Untracked 
| 129|0x0000000621400000, 0x0000000621400000, 0x0000000621800000|  0%| F|  |TAMS 0x0000000621400000, 0x0000000621400000| Untracked 
| 130|0x0000000621800000, 0x0000000621800000, 0x0000000621c00000|  0%| F|  |TAMS 0x0000000621800000, 0x0000000621800000| Untracked 
| 131|0x0000000621c00000, 0x0000000621c00000, 0x0000000622000000|  0%| F|  |TAMS 0x0000000621c00000, 0x0000000621c00000| Untracked 
| 132|0x0000000622000000, 0x0000000622000000, 0x0000000622400000|  0%| F|  |TAMS 0x0000000622000000, 0x0000000622000000| Untracked 
| 133|0x0000000622400000, 0x0000000622400000, 0x0000000622800000|  0%| F|  |TAMS 0x0000000622400000, 0x0000000622400000| Untracked 
| 134|0x0000000622800000, 0x0000000622800000, 0x0000000622c00000|  0%| F|  |TAMS 0x0000000622800000, 0x0000000622800000| Untracked 
| 135|0x0000000622c00000, 0x0000000622c00000, 0x0000000623000000|  0%| F|  |TAMS 0x0000000622c00000, 0x0000000622c00000| Untracked 
| 136|0x0000000623000000, 0x0000000623000000, 0x0000000623400000|  0%| F|  |TAMS 0x0000000623000000, 0x0000000623000000| Untracked 
| 137|0x0000000623400000, 0x0000000623400000, 0x0000000623800000|  0%| F|  |TAMS 0x0000000623400000, 0x0000000623400000| Untracked 
| 138|0x0000000623800000, 0x0000000623800000, 0x0000000623c00000|  0%| F|  |TAMS 0x0000000623800000, 0x0000000623800000| Untracked 
| 139|0x0000000623c00000, 0x0000000623c00000, 0x0000000624000000|  0%| F|  |TAMS 0x0000000623c00000, 0x0000000623c00000| Untracked 
| 140|0x0000000624000000, 0x0000000624000000, 0x0000000624400000|  0%| F|  |TAMS 0x0000000624000000, 0x0000000624000000| Untracked 
| 141|0x0000000624400000, 0x0000000624400000, 0x0000000624800000|  0%| F|  |TAMS 0x0000000624400000, 0x0000000624400000| Untracked 
| 142|0x0000000624800000, 0x0000000624800000, 0x0000000624c00000|  0%| F|  |TAMS 0x0000000624800000, 0x0000000624800000| Untracked 
| 143|0x0000000624c00000, 0x0000000624c00000, 0x0000000625000000|  0%| F|  |TAMS 0x0000000624c00000, 0x0000000624c00000| Untracked 
| 144|0x0000000625000000, 0x0000000625000000, 0x0000000625400000|  0%| F|  |TAMS 0x0000000625000000, 0x0000000625000000| Untracked 
| 145|0x0000000625400000, 0x0000000625400000, 0x0000000625800000|  0%| F|  |TAMS 0x0000000625400000, 0x0000000625400000| Untracked 
| 146|0x0000000625800000, 0x0000000625800000, 0x0000000625c00000|  0%| F|  |TAMS 0x0000000625800000, 0x0000000625800000| Untracked 
| 147|0x0000000625c00000, 0x0000000625c00000, 0x0000000626000000|  0%| F|  |TAMS 0x0000000625c00000, 0x0000000625c00000| Untracked 
| 148|0x0000000626000000, 0x0000000626000000, 0x0000000626400000|  0%| F|  |TAMS 0x0000000626000000, 0x0000000626000000| Untracked 
| 149|0x0000000626400000, 0x0000000626400000, 0x0000000626800000|  0%| F|  |TAMS 0x0000000626400000, 0x0000000626400000| Untracked 
| 150|0x0000000626800000, 0x0000000626800000, 0x0000000626c00000|  0%| F|  |TAMS 0x0000000626800000, 0x0000000626800000| Untracked 
| 151|0x0000000626c00000, 0x0000000626c00000, 0x0000000627000000|  0%| F|  |TAMS 0x0000000626c00000, 0x0000000626c00000| Untracked 
| 152|0x0000000627000000, 0x0000000627000000, 0x0000000627400000|  0%| F|  |TAMS 0x0000000627000000, 0x0000000627000000| Untracked 
| 153|0x0000000627400000, 0x0000000627400000, 0x0000000627800000|  0%| F|  |TAMS 0x0000000627400000, 0x0000000627400000| Untracked 
| 154|0x0000000627800000, 0x0000000627800000, 0x0000000627c00000|  0%| F|  |TAMS 0x0000000627800000, 0x0000000627800000| Untracked 
| 155|0x0000000627c00000, 0x0000000627c00000, 0x0000000628000000|  0%| F|  |TAMS 0x0000000627c00000, 0x0000000627c00000| Untracked 
| 156|0x0000000628000000, 0x0000000628200800, 0x0000000628400000| 50%| E|  |TAMS 0x0000000628000000, 0x0000000628000000| Complete 
| 157|0x0000000628400000, 0x0000000628800000, 0x0000000628800000|100%| E|CS|TAMS 0x0000000628400000, 0x0000000628400000| Complete 
| 158|0x0000000628800000, 0x0000000628c00000, 0x0000000628c00000|100%| E|CS|TAMS 0x0000000628800000, 0x0000000628800000| Complete 
| 159|0x0000000628c00000, 0x0000000629000000, 0x0000000629000000|100%| E|CS|TAMS 0x0000000628c00000, 0x0000000628c00000| Complete 
| 160|0x0000000629000000, 0x0000000629400000, 0x0000000629400000|100%| E|CS|TAMS 0x0000000629000000, 0x0000000629000000| Complete 
| 161|0x0000000629400000, 0x0000000629800000, 0x0000000629800000|100%| E|CS|TAMS 0x0000000629400000, 0x0000000629400000| Complete 
| 162|0x0000000629800000, 0x0000000629c00000, 0x0000000629c00000|100%| E|CS|TAMS 0x0000000629800000, 0x0000000629800000| Complete 

Card table byte_map: [0x0000027efe480000,0x0000027eff480000] _byte_map_base: 0x0000027efb478000

Marking Bits (Prev, Next): (CMBitMap*) 0x0000027ef4d6bf90, (CMBitMap*) 0x0000027ef4d6bfd0
 Prev Bits: [0x0000027e90000000, 0x0000027e97fc0000)
 Next Bits: [0x0000027e97fc0000, 0x0000027e9ff80000)

Polling page: 0x0000027ef2cb0000

Metaspace:

Usage:
  Non-class:      4.45 MB capacity,     4.40 MB ( 99%) used,    45.85 KB (  1%) free+waste,     6.56 KB ( <1%) overhead. 
      Class:    608.00 KB capacity,   545.23 KB ( 90%) used,    59.09 KB ( 10%) free+waste,     3.69 KB ( <1%) overhead. 
       Both:      5.04 MB capacity,     4.93 MB ( 98%) used,   104.94 KB (  2%) free+waste,    10.25 KB ( <1%) overhead. 

Virtual space:
  Non-class space:        8.00 MB reserved,       4.50 MB ( 56%) committed 
      Class space:        1.00 GB reserved,     640.00 KB ( <1%) committed 
             Both:        1.01 GB reserved,       5.12 MB ( <1%) committed 

Chunk freelists:
   Non-Class:  54.00 KB
       Class:  0 bytes
        Both:  54.00 KB

MaxMetaspaceSize: 17179869184.00 GB
CompressedClassSpaceSize: 1.00 GB

CodeHeap 'non-profiled nmethods': size=120000Kb used=347Kb max_used=347Kb free=119652Kb
 bounds [0x0000027e87ad0000, 0x0000027e87d40000, 0x0000027e8f000000]
CodeHeap 'profiled nmethods': size=120000Kb used=1205Kb max_used=1205Kb free=118794Kb
 bounds [0x0000027e805a0000, 0x0000027e80810000, 0x0000027e87ad0000]
CodeHeap 'non-nmethods': size=5760Kb used=1191Kb max_used=1223Kb free=4568Kb
 bounds [0x0000027e80000000, 0x0000027e80270000, 0x0000027e805a0000]
 total_blobs=1302 nmethods=845 adapters=370
 compilation: enabled
              stopped_count=0, restarted_count=0
 full_count=0

Compilation events (20 events):
Event: 1.424 Thread 0x0000027ea21463d0  836       4       java.util.Random::<init> (12 bytes)
Event: 1.425 Thread 0x0000027ea21463d0 nmethod 836 0x0000027e87b23590 code [0x0000027e87b23720, 0x0000027e87b23978]
Event: 1.433 Thread 0x0000027ea21463d0  837       4       java.util.ArrayList::clear (43 bytes)
Event: 1.434 Thread 0x0000027ea21463d0 nmethod 837 0x0000027e87b23b10 code [0x0000027e87b23c80, 0x0000027e87b23cf8]
Event: 1.434 Thread 0x0000027ea21463d0  838       4       com.mrjaffesclass.othello.SmartPlayer$Node::<init> (420 bytes)
Event: 1.435 Thread 0x0000027ea37c3f20  839       4       com.mrjaffesclass.othello.SmartPlayer$Node::hasNodes (16 bytes)
Event: 1.436 Thread 0x0000027ea37c3f20 nmethod 839 0x0000027e87b23e10 code [0x0000027e87b23f80, 0x0000027e87b24018]
Event: 1.436 Thread 0x0000027ea37c3f20  840       4       com.mrjaffesclass.othello.SmartPlayer$Node::updateStats (29 bytes)
Event: 1.436 Thread 0x0000027ea37c3f20 nmethod 840 0x0000027e87b24110 code [0x0000027e87b24280, 0x0000027e87b242f8]
Event: 1.444 Thread 0x0000027ea21463d0 nmethod 838 0x0000027e87b24410 code [0x0000027e87b24600, 0x0000027e87b25828]
Event: 1.469 Thread 0x0000027ea21463d0  841       4       com.mrjaffesclass.othello.SmartPlayer$Node::getRandomNode (30 bytes)
Event: 1.471 Thread 0x0000027ea21463d0 nmethod 841 0x0000027e87b25c10 code [0x0000027e87b25dc0, 0x0000027e87b260f8]
Event: 1.483 Thread 0x0000027ea214a470  842       3       java.lang.Long::valueOf (40 bytes)
Event: 1.483 Thread 0x0000027ea214a470 nmethod 842 0x0000027e806cd110 code [0x0000027e806cd2c0, 0x0000027e806cd5f8]
Event: 1.791 Thread 0x0000027ea37c3f20  843       4       com.mrjaffesclass.othello.SmartPlayer$BoardModel::countSquaresFast (35 bytes)
Event: 1.792 Thread 0x0000027ea37c3f20 nmethod 843 0x0000027e87b26510 code [0x0000027e87b26680, 0x0000027e87b26718]
Event: 1.864 Thread 0x0000027ea37c3f20  844       4       java.lang.Long::hashCode (8 bytes)
Event: 1.864 Thread 0x0000027ea37c3f20 nmethod 844 0x0000027e87b26810 code [0x0000027e87b26980, 0x0000027e87b269d8]
Event: 1.893 Thread 0x0000027ea214a470  845       1       java.nio.Buffer::capacity (5 bytes)
Event: 1.893 Thread 0x0000027ea214a470 nmethod 845 0x0000027e87b26b10 code [0x0000027e87b26ca0, 0x0000027e87b26d58]

GC Heap History (16 events):
Event: 1.155 GC heap before
{Heap before GC invocations=0 (full 0):
 garbage-first heap   total 524288K, used 20480K [0x0000000601000000, 0x0000000800000000)
  region size 4096K, 6 young (24576K), 0 survivors (0K)
 Metaspace       used 4979K, capacity 5156K, committed 5248K, reserved 1056768K
  class space    used 538K, capacity 606K, committed 640K, reserved 1048576K
}
Event: 1.158 GC heap after
{Heap after GC invocations=1 (full 0):
 garbage-first heap   total 524288K, used 3761K [0x0000000601000000, 0x0000000800000000)
  region size 4096K, 1 young (4096K), 1 survivors (4096K)
 Metaspace       used 4979K, capacity 5156K, committed 5248K, reserved 1056768K
  class space    used 538K, capacity 606K, committed 640K, reserved 1048576K
}
Event: 1.176 GC heap before
{Heap before GC invocations=1 (full 0):
 garbage-first heap   total 524288K, used 28337K [0x0000000601000000, 0x0000000800000000)
  region size 4096K, 7 young (28672K), 1 survivors (4096K)
 Metaspace       used 4986K, capacity 5156K, committed 5248K, reserved 1056768K
  class space    used 538K, capacity 606K, committed 640K, reserved 1048576K
}
Event: 1.179 GC heap after
{Heap after GC invocations=2 (full 0):
 garbage-first heap   total 524288K, used 4680K [0x0000000601000000, 0x0000000800000000)
  region size 4096K, 1 young (4096K), 1 survivors (4096K)
 Metaspace       used 4986K, capacity 5156K, committed 5248K, reserved 1056768K
  class space    used 538K, capacity 606K, committed 640K, reserved 1048576K
}
Event: 1.217 GC heap before
{Heap before GC invocations=2 (full 0):
 garbage-first heap   total 524288K, used 66120K [0x0000000601000000, 0x0000000800000000)
  region size 4096K, 16 young (65536K), 1 survivors (4096K)
 Metaspace       used 4992K, capacity 5156K, committed 5248K, reserved 1056768K
  class space    used 538K, capacity 606K, committed 640K, reserved 1048576K
}
Event: 1.219 GC heap after
{Heap after GC invocations=3 (full 0):
 garbage-first heap   total 524288K, used 6682K [0x0000000601000000, 0x0000000800000000)
  region size 4096K, 1 young (4096K), 1 survivors (4096K)
 Metaspace       used 4992K, capacity 5156K, committed 5248K, reserved 1056768K
  class space    used 538K, capacity 606K, committed 640K, reserved 1048576K
}
Event: 1.396 GC heap before
{Heap before GC invocations=3 (full 0):
 garbage-first heap   total 524288K, used 313882K [0x0000000601000000, 0x0000000800000000)
  region size 4096K, 76 young (311296K), 1 survivors (4096K)
 Metaspace       used 5032K, capacity 5162K, committed 5248K, reserved 1056768K
  class space    used 543K, capacity 608K, committed 640K, reserved 1048576K
}
Event: 1.400 GC heap after
{Heap after GC invocations=4 (full 0):
 garbage-first heap   total 524288K, used 18540K [0x0000000601000000, 0x0000000800000000)
  region size 4096K, 4 young (16384K), 4 survivors (16384K)
 Metaspace       used 5032K, capacity 5162K, committed 5248K, reserved 1056768K
  class space    used 543K, capacity 608K, committed 640K, reserved 1048576K
}
Event: 1.518 GC heap before
{Heap before GC invocations=4 (full 0):
 garbage-first heap   total 524288K, used 313452K [0x0000000601000000, 0x0000000800000000)
  region size 4096K, 76 young (311296K), 4 survivors (16384K)
 Metaspace       used 5032K, capacity 5162K, committed 5248K, reserved 1056768K
  class space    used 543K, capacity 608K, committed 640K, reserved 1048576K
}
Event: 1.525 GC heap after
{Heap after GC invocations=5 (full 0):
 garbage-first heap   total 524288K, used 31550K [0x0000000601000000, 0x0000000800000000)
  region size 4096K, 7 young (28672K), 7 survivors (28672K)
 Metaspace       used 5032K, capacity 5162K, committed 5248K, reserved 1056768K
  class space    used 543K, capacity 608K, committed 640K, reserved 1048576K
}
Event: 1.639 GC heap before
{Heap before GC invocations=5 (full 0):
 garbage-first heap   total 524288K, used 314174K [0x0000000601000000, 0x0000000800000000)
  region size 4096K, 76 young (311296K), 7 survivors (28672K)
 Metaspace       used 5032K, capacity 5162K, committed 5248K, reserved 1056768K
  class space    used 543K, capacity 608K, committed 640K, reserved 1048576K
}
Event: 1.649 GC heap after
{Heap after GC invocations=6 (full 0):
 garbage-first heap   total 524288K, used 44433K [0x0000000601000000, 0x0000000800000000)
  region size 4096K, 7 young (28672K), 7 survivors (28672K)
 Metaspace       used 5032K, capacity 5162K, committed 5248K, reserved 1056768K
  class space    used 543K, capacity 608K, committed 640K, reserved 1048576K
}
Event: 1.761 GC heap before
{Heap before GC invocations=6 (full 0):
 garbage-first heap   total 524288K, used 327057K [0x0000000601000000, 0x0000000800000000)
  region size 4096K, 76 young (311296K), 7 survivors (28672K)
 Metaspace       used 5032K, capacity 5162K, committed 5248K, reserved 1056768K
  class space    used 543K, capacity 608K, committed 640K, reserved 1048576K
}
Event: 1.769 GC heap after
{Heap after GC invocations=7 (full 0):
 garbage-first heap   total 524288K, used 58206K [0x0000000601000000, 0x0000000800000000)
  region size 4096K, 7 young (28672K), 7 survivors (28672K)
 Metaspace       used 5032K, capacity 5162K, committed 5248K, reserved 1056768K
  class space    used 543K, capacity 608K, committed 640K, reserved 1048576K
}
Event: 1.883 GC heap before
{Heap before GC invocations=7 (full 0):
 garbage-first heap   total 524288K, used 340830K [0x0000000601000000, 0x0000000800000000)
  region size 4096K, 76 young (311296K), 7 survivors (28672K)
 Metaspace       used 5032K, capacity 5162K, committed 5248K, reserved 1056768K
  class space    used 543K, capacity 608K, committed 640K, reserved 1048576K
}
Event: 1.893 GC heap after
{Heap after GC invocations=8 (full 0):
 garbage-first heap   total 667648K, used 72732K [0x0000000601000000, 0x0000000800000000)
  region size 4096K, 7 young (28672K), 7 survivors (28672K)
 Metaspace       used 5032K, capacity 5162K, committed 5248K, reserved 1056768K
  class space    used 543K, capacity 608K, committed 640K, reserved 1048576K
}

Deoptimization events (20 events):
Event: 1.198 Thread 0x0000027ef4cf3170 DEOPT PACKING pc=0x0000027e806c3a09 sp=0x000000e63affec60
Event: 1.198 Thread 0x0000027ef4cf3170 DEOPT UNPACKING pc=0x0000027e8004e23f sp=0x000000e63affe180 mode 0
Event: 1.198 Thread 0x0000027ef4cf3170 DEOPT PACKING pc=0x0000027e806bea82 sp=0x000000e63affedf0
Event: 1.198 Thread 0x0000027ef4cf3170 DEOPT UNPACKING pc=0x0000027e8004e23f sp=0x000000e63affe318 mode 0
Event: 1.199 Thread 0x0000027ef4cf3170 DEOPT PACKING pc=0x0000027e806bea82 sp=0x000000e63affedf0
Event: 1.199 Thread 0x0000027ef4cf3170 DEOPT UNPACKING pc=0x0000027e8004e23f sp=0x000000e63affe318 mode 0
Event: 1.199 Thread 0x0000027ef4cf3170 DEOPT PACKING pc=0x0000027e806bea61 sp=0x000000e63affedf0
Event: 1.199 Thread 0x0000027ef4cf3170 DEOPT UNPACKING pc=0x0000027e8004e23f sp=0x000000e63affe318 mode 0
Event: 1.200 Thread 0x0000027ef4cf3170 DEOPT PACKING pc=0x0000027e806bea82 sp=0x000000e63affedf0
Event: 1.200 Thread 0x0000027ef4cf3170 DEOPT UNPACKING pc=0x0000027e8004e23f sp=0x000000e63affe318 mode 0
Event: 1.200 Thread 0x0000027ef4cf3170 DEOPT PACKING pc=0x0000027e806c23e5 sp=0x000000e63affebe0
Event: 1.200 Thread 0x0000027ef4cf3170 DEOPT UNPACKING pc=0x0000027e8004e23f sp=0x000000e63affe0a8 mode 0
Event: 1.201 Thread 0x0000027ef4cf3170 DEOPT PACKING pc=0x0000027e806bea61 sp=0x000000e63affedf0
Event: 1.201 Thread 0x0000027ef4cf3170 DEOPT UNPACKING pc=0x0000027e8004e23f sp=0x000000e63affe318 mode 0
Event: 1.202 Thread 0x0000027ef4cf3170 DEOPT PACKING pc=0x0000027e806bea82 sp=0x000000e63affedf0
Event: 1.202 Thread 0x0000027ef4cf3170 DEOPT UNPACKING pc=0x0000027e8004e23f sp=0x000000e63affe318 mode 0
Event: 1.205 Thread 0x0000027ef4cf3170 DEOPT PACKING pc=0x0000027e806c3a09 sp=0x000000e63affec60
Event: 1.205 Thread 0x0000027ef4cf3170 DEOPT UNPACKING pc=0x0000027e8004e23f sp=0x000000e63affe180 mode 0
Event: 1.404 Thread 0x0000027ef4cf3170 DEOPT PACKING pc=0x0000027e806cb0eb sp=0x000000e63affee00
Event: 1.404 Thread 0x0000027ef4cf3170 DEOPT UNPACKING pc=0x0000027e8004e23f sp=0x000000e63affe340 mode 0

Classes unloaded (0 events):
No events

Classes redefined (0 events):
No events

Internal exceptions (15 events):
Event: 0.042 Thread 0x0000027ef4cf3170 Exception <a 'java/lang/NoSuchMethodError'{0x0000000620d13340}: 'java.lang.Object java.lang.invoke.DirectMethodHandle$Holder.invokeStatic(java.lang.Object)'> (0x0000000620d13340) 
thrown [./open/src/hotspot/share/interpreter/linkResolver.cpp, line 782]
Event: 0.044 Thread 0x0000027ef4cf3170 Exception <a 'java/lang/NoSuchMethodError'{0x0000000620d18c80}: 'java.lang.Object java.lang.invoke.DirectMethodHandle$Holder.invokeStaticInit(java.lang.Object)'> (0x0000000620d18c80) 
thrown [./open/src/hotspot/share/interpreter/linkResolver.cpp, line 782]
Event: 0.050 Thread 0x0000027ef4cf3170 Exception <a 'java/lang/NoSuchMethodError'{0x0000000620d2e318}: 'void java.lang.invoke.DirectMethodHandle$Holder.invokeSpecial(java.lang.Object, java.lang.Object, java.lang.Object)'> (0x0000000620d2e318) 
thrown [./open/src/hotspot/share/interpreter/linkResolver.cpp, line 782]
Event: 0.051 Thread 0x0000027ef4cf3170 Exception <a 'java/lang/NoSuchMethodError'{0x0000000620d392c0}: 'java.lang.Object java.lang.invoke.DirectMethodHandle$Holder.invokeInterface(java.lang.Object, java.lang.Object)'> (0x0000000620d392c0) 
thrown [./open/src/hotspot/share/interpreter/linkResolver.cpp, line 782]
Event: 0.084 Thread 0x0000027ea2ba50f0 Exception <a 'java/lang/NoSuchMethodError'{0x0000000620dff2d0}: 'void java.lang.invoke.DirectMethodHandle$Holder.invokeStatic(java.lang.Object, java.lang.Object)'> (0x0000000620dff2d0) 
thrown [./open/src/hotspot/share/interpreter/linkResolver.cpp, line 782]
Event: 0.529 Thread 0x0000027ef4cf3170 Exception <a 'java/lang/NoSuchMethodError'{0x0000000620db9a70}: 'java.lang.Object java.lang.invoke.DirectMethodHandle$Holder.invokeStaticInit(java.lang.Object, java.lang.Object, java.lang.Object)'> (0x0000000620db9a70) 
thrown [./open/src/hotspot/share/interpreter/linkResolver.cpp, line 782]
Event: 0.533 Thread 0x0000027ef4cf3170 Exception <a 'java/lang/NoSuchMethodError'{0x0000000620de13e0}: 'int java.lang.invoke.DirectMethodHandle$Holder.invokeSpecial(java.lang.Object, java.lang.Object, java.lang.Object)'> (0x0000000620de13e0) 
thrown [./open/src/hotspot/share/interpreter/linkResolver.cpp, line 782]
Event: 0.540 Thread 0x0000027ef4cf3170 Exception <a 'java/lang/NoSuchMethodError'{0x0000000620f66db0}: 'int java.lang.invoke.DirectMethodHandle$Holder.invokeInterface(java.lang.Object, java.lang.Object)'> (0x0000000620f66db0) 
thrown [./open/src/hotspot/share/interpreter/linkResolver.cpp, line 782]
Event: 0.540 Thread 0x0000027ef4cf3170 Exception <a 'java/lang/IncompatibleClassChangeError'{0x0000000620f6a5a8}: Found class java.lang.Object, but interface was expected> (0x0000000620f6a5a8) 
thrown [./open/src/hotspot/share/interpreter/linkResolver.cpp, line 848]
Event: 0.587 Thread 0x0000027ef4cf3170 Exception <a 'java/lang/NoSuchMethodError'{0x00000006208fbbc0}: 'void java.lang.invoke.DirectMethodHandle$Holder.invokeStatic(java.lang.Object, java.lang.Object, java.lang.Object)'> (0x00000006208fbbc0) 
thrown [./open/src/hotspot/share/interpreter/linkResolver.cpp, line 782]
Event: 0.633 Thread 0x0000027ea2ba50f0 Exception <a 'java/lang/VerifyError'{0x0000000620eabac0}: Stack map does not match the one at exception handler 21
Exception Details:
  Location:
    org/netbeans/lib/profiler/ConstructorTest.<init>()V @21: astore_1
  Reason:
    Current frame's flags are not assignable to stack map frame's.
  Current Frame:
    bci: @0
    flags: { flagThisUninit }
    locals: { uninitializedThis }
    stack: { 'java/lang/Throwable' }
  Stackmap Frame:
    bci: @21
    flags: { }
    locals: { top }
    stack: { 'java/lan
Event: 0.841 Thread 0x0000027ea2ba50f0 Exception <a 'java/lang/NoSuchMethodError'{0x0000000620ecb108}: 'void java.lang.invoke.DirectMethodHandle$Holder.invokeStaticInit(java.lang.Object, java.lang.Object)'> (0x0000000620ecb108) 
thrown [./open/src/hotspot/share/interpreter/linkResolver.cpp, line 782]
Event: 0.846 Thread 0x0000027ea2ba50f0 Exception <a 'java/lang/NoSuchMethodError'{0x0000000620a02e60}: 'java.lang.Object java.lang.invoke.DirectMethodHandle$Holder.invokeStaticInit(java.lang.Object, int, int, int, int)'> (0x0000000620a02e60) 
thrown [./open/src/hotspot/share/interpreter/linkResolver.cpp, line 782]
Event: 0.882 Thread 0x0000027ea2ba50f0 Exception <a 'java/lang/NoSuchMethodError'{0x0000000620aa04d0}: 'java.lang.Object java.lang.invoke.DirectMethodHandle$Holder.invokeStaticInit(java.lang.Object, java.lang.Object, int, int, int, int)'> (0x0000000620aa04d0) 
thrown [./open/src/hotspot/share/interpreter/linkResolver.cpp, line 782]
Event: 0.886 Thread 0x0000027ea2ba50f0 Exception <a 'java/lang/NoSuchMethodError'{0x0000000620aab320}: 'java.lang.Object java.lang.invoke.Invokers$Holder.invoke_MT(java.lang.Object, java.lang.Object, java.lang.Object)'> (0x0000000620aab320) 
thrown [./open/src/hotspot/share/interpreter/linkResolver.cpp, line 782]

Events (20 events):
Event: 1.833 Executing VM operation: GetAllStackTraces
Event: 1.833 Executing VM operation: GetAllStackTraces done
Event: 1.849 Executing VM operation: GetAllStackTraces
Event: 1.849 Executing VM operation: GetAllStackTraces done
Event: 1.864 Executing VM operation: GetAllStackTraces
Event: 1.864 Executing VM operation: GetAllStackTraces done
Event: 1.880 Executing VM operation: GetAllStackTraces
Event: 1.880 Executing VM operation: GetAllStackTraces done
Event: 1.882 Executing VM operation: G1CollectForAllocation
Event: 1.893 Executing VM operation: G1CollectForAllocation done
Event: 1.893 loading class org/netbeans/lib/profiler/wireprotocol/EventBufferDumpedCommand
Event: 1.893 loading class org/netbeans/lib/profiler/wireprotocol/EventBufferDumpedCommand done
Event: 1.895 Executing VM operation: GetAllStackTraces
Event: 1.895 Executing VM operation: GetAllStackTraces done
Event: 1.895 Executing VM operation: HandshakeAllThreads
Event: 1.895 Executing VM operation: HandshakeAllThreads done
Event: 1.899 loading class org/netbeans/lib/profiler/wireprotocol/DumpResultsResponse
Event: 1.899 loading class org/netbeans/lib/profiler/wireprotocol/DumpResultsResponse done
Event: 1.899 loading class org/netbeans/lib/profiler/wireprotocol/GetMethodNamesForJMethodIdsCommand
Event: 1.900 loading class org/netbeans/lib/profiler/wireprotocol/GetMethodNamesForJMethodIdsCommand done


Dynamic libraries:
0x00007ff72e3d0000 - 0x00007ff72e3df000 	C:\Program Files\Java\jdk-15.0.1\bin\java.exe
0x00007ff9fe9f0000 - 0x00007ff9febe5000 	C:\WINDOWS\SYSTEM32\ntdll.dll
0x00007ff9fcb80000 - 0x00007ff9fcc3d000 	C:\WINDOWS\System32\KERNEL32.DLL
0x00007ff9fc520000 - 0x00007ff9fc7e8000 	C:\WINDOWS\System32\KERNELBASE.dll
0x00007ff9fc3f0000 - 0x00007ff9fc4f0000 	C:\WINDOWS\System32\ucrtbase.dll
0x00007ff9f8040000 - 0x00007ff9f8059000 	C:\Program Files\Java\jdk-15.0.1\bin\VCRUNTIME140.dll
0x00007ff9ed760000 - 0x00007ff9ed778000 	C:\Program Files\Java\jdk-15.0.1\bin\jli.dll
0x00007ff9fdce0000 - 0x00007ff9fdd8c000 	C:\WINDOWS\System32\ADVAPI32.dll
0x00007ff9fd170000 - 0x00007ff9fd20e000 	C:\WINDOWS\System32\msvcrt.dll
0x00007ff9fd6e0000 - 0x00007ff9fd77b000 	C:\WINDOWS\System32\sechost.dll
0x00007ff9fd4a0000 - 0x00007ff9fd5cb000 	C:\WINDOWS\System32\RPCRT4.dll
0x00007ff9fcdf0000 - 0x00007ff9fcf90000 	C:\WINDOWS\System32\USER32.dll
0x00007ff9ee2b0000 - 0x00007ff9ee54a000 	C:\WINDOWS\WinSxS\amd64_microsoft.windows.common-controls_6595b64144ccf1df_6.0.19041.844_none_ca00b6081b84eb1d\COMCTL32.dll
0x00007ff9fc230000 - 0x00007ff9fc252000 	C:\WINDOWS\System32\win32u.dll
0x00007ff9fd140000 - 0x00007ff9fd16a000 	C:\WINDOWS\System32\GDI32.dll
0x00007ff9fc260000 - 0x00007ff9fc36b000 	C:\WINDOWS\System32\gdi32full.dll
0x00007ff9fc130000 - 0x00007ff9fc1cd000 	C:\WINDOWS\System32\msvcp_win.dll
0x00007ff9f6bc0000 - 0x00007ff9f6bca000 	C:\WINDOWS\SYSTEM32\VERSION.dll
0x00007ff9fd5d0000 - 0x00007ff9fd600000 	C:\WINDOWS\System32\IMM32.DLL
0x00007ff9f80c0000 - 0x00007ff9f80cc000 	C:\Program Files\Java\jdk-15.0.1\bin\vcruntime140_1.dll
0x00007ff9e3b80000 - 0x00007ff9e3c11000 	C:\Program Files\Java\jdk-15.0.1\bin\msvcp140.dll
0x00007ff99e580000 - 0x00007ff99f0de000 	C:\Program Files\Java\jdk-15.0.1\bin\server\jvm.dll
0x00007ff9fd490000 - 0x00007ff9fd498000 	C:\WINDOWS\System32\PSAPI.DLL
0x00007ff9eb1a0000 - 0x00007ff9eb1a9000 	C:\WINDOWS\SYSTEM32\WSOCK32.dll
0x00007ff9fd2b0000 - 0x00007ff9fd31b000 	C:\WINDOWS\System32\WS2_32.dll
0x00007ff9f3e40000 - 0x00007ff9f3e67000 	C:\WINDOWS\SYSTEM32\WINMM.dll
0x00007ff9fa090000 - 0x00007ff9fa0a2000 	C:\WINDOWS\SYSTEM32\kernel.appcore.dll
0x00007ff9f8030000 - 0x00007ff9f803a000 	C:\Program Files\Java\jdk-15.0.1\bin\jimage.dll
0x00007ff9ed2b0000 - 0x00007ff9ed494000 	C:\WINDOWS\SYSTEM32\DBGHELP.DLL
0x00007ff9ec970000 - 0x00007ff9ec99c000 	C:\WINDOWS\SYSTEM32\dbgcore.DLL
0x00007ff9fc370000 - 0x00007ff9fc3f0000 	C:\WINDOWS\System32\bcryptPrimitives.dll
0x00007ff9f7fc0000 - 0x00007ff9f7fcf000 	C:\Program Files\NetBeans-12.2\netbeans\profiler\lib\deployed\jdk16\windows-amd64\profilerinterface.dll
0x00007ff9e6640000 - 0x00007ff9e6665000 	C:\Program Files\Java\jdk-15.0.1\bin\java.dll
0x00007ff9eb9d0000 - 0x00007ff9eb9e8000 	C:\Program Files\Java\jdk-15.0.1\bin\zip.dll
0x00007ff9fddf0000 - 0x00007ff9fe532000 	C:\WINDOWS\System32\SHELL32.dll
0x00007ff9fa290000 - 0x00007ff9faa21000 	C:\WINDOWS\SYSTEM32\windows.storage.dll
0x00007ff9fd780000 - 0x00007ff9fdad5000 	C:\WINDOWS\System32\combase.dll
0x00007ff9fbba0000 - 0x00007ff9fbbcc000 	C:\WINDOWS\SYSTEM32\Wldp.dll
0x00007ff9fd3e0000 - 0x00007ff9fd48e000 	C:\WINDOWS\System32\SHCORE.dll
0x00007ff9fcf90000 - 0x00007ff9fcfe5000 	C:\WINDOWS\System32\shlwapi.dll
0x00007ff9fc070000 - 0x00007ff9fc08f000 	C:\WINDOWS\SYSTEM32\profapi.dll
0x00007ff9ed800000 - 0x00007ff9ed819000 	C:\Program Files\Java\jdk-15.0.1\bin\net.dll
0x00007ff9f3170000 - 0x00007ff9f327b000 	C:\WINDOWS\SYSTEM32\WINHTTP.dll
0x00007ff9fb910000 - 0x00007ff9fb97a000 	C:\WINDOWS\system32\mswsock.dll
0x00007ff9ecfb0000 - 0x00007ff9ecfc2000 	C:\Program Files\Java\jdk-15.0.1\bin\nio.dll
0x00007ff9f7a50000 - 0x00007ff9f7a59000 	C:\Program Files\Java\jdk-15.0.1\bin\management.dll
0x00007ff9f7700000 - 0x00007ff9f770b000 	C:\Program Files\Java\jdk-15.0.1\bin\management_ext.dll
0x00007ff9fbae0000 - 0x00007ff9fbaf8000 	C:\WINDOWS\SYSTEM32\CRYPTSP.dll
0x00007ff9fb240000 - 0x00007ff9fb274000 	C:\WINDOWS\system32\rsaenh.dll
0x00007ff9fc4f0000 - 0x00007ff9fc517000 	C:\WINDOWS\System32\bcrypt.dll
0x00007ff9fc030000 - 0x00007ff9fc05e000 	C:\WINDOWS\SYSTEM32\USERENV.dll
0x00007ff9fbb00000 - 0x00007ff9fbb0c000 	C:\WINDOWS\SYSTEM32\CRYPTBASE.dll
0x00007ff9fb5b0000 - 0x00007ff9fb5eb000 	C:\WINDOWS\SYSTEM32\IPHLPAPI.DLL
0x00007ff9fd2a0000 - 0x00007ff9fd2a8000 	C:\WINDOWS\System32\NSI.dll
0x00007ff9f68a0000 - 0x00007ff9f68b7000 	C:\WINDOWS\SYSTEM32\dhcpcsvc6.DLL
0x00007ff9f68e0000 - 0x00007ff9f68fd000 	C:\WINDOWS\SYSTEM32\dhcpcsvc.DLL
0x00007ff9fb600000 - 0x00007ff9fb6cc000 	C:\WINDOWS\SYSTEM32\DNSAPI.dll

dbghelp: loaded successfully - version: 4.0.5 - missing functions: none
symbol engine: initialized successfully - sym options: 0x614 - pdb path: .;C:\Program Files\Java\jdk-15.0.1\bin;C:\WINDOWS\SYSTEM32;C:\WINDOWS\WinSxS\amd64_microsoft.windows.common-controls_6595b64144ccf1df_6.0.19041.844_none_ca00b6081b84eb1d;C:\Program Files\Java\jdk-15.0.1\bin\server;C:\Program Files\NetBeans-12.2\netbeans\profiler\lib\deployed\jdk16\windows-amd64

VM Arguments:
jvm_args: -Dfile.encoding=UTF-8 -agentpath:C:/Program Files/NetBeans-12.2/netbeans/profiler/lib/deployed/jdk16/windows-amd64/profilerinterface.dll=C:\Program Files\NetBeans-12.2\netbeans\profiler\lib,5140,10 -XX:+HeapDumpOnOutOfMemoryError -XX:HeapDumpPath=C:\Users\jimmy\Desktop\othello\nbproject\private\profiler 
java_command: com.mrjaffesclass.othello.Othello
java_class_path (initial): C:\Users\jimmy\Desktop\othello\build\classes
Launcher Type: SUN_STANDARD

[Global flags]
     intx CICompilerCount                          = 4                                         {product} {ergonomic}
     uint ConcGCThreads                            = 3                                         {product} {ergonomic}
     uint G1ConcRefinementThreads                  = 10                                        {product} {ergonomic}
   size_t G1HeapRegionSize                         = 4194304                                   {product} {ergonomic}
    uintx GCDrainStackTargetSize                   = 64                                        {product} {ergonomic}
     bool HeapDumpOnOutOfMemoryError               = true                                   {manageable} {command line}
    ccstr HeapDumpPath                             = C:\Users\jimmy\Desktop\othello\nbproject\private\profiler         {manageable} {command line}
   size_t InitialHeapSize                          = 536870912                                 {product} {ergonomic}
   size_t MarkStackSize                            = 4194304                                   {product} {ergonomic}
   size_t MaxHeapSize                              = 8573157376                                {product} {ergonomic}
   size_t MaxNewSize                               = 5142216704                                {product} {ergonomic}
   size_t MinHeapDeltaBytes                        = 4194304                                   {product} {ergonomic}
   size_t MinHeapSize                              = 8388608                                   {product} {ergonomic}
    uintx NonNMethodCodeHeapSize                   = 5839372                                {pd product} {ergonomic}
    uintx NonProfiledCodeHeapSize                  = 122909434                              {pd product} {ergonomic}
    uintx ProfiledCodeHeapSize                     = 122909434                              {pd product} {ergonomic}
    uintx ReservedCodeCacheSize                    = 251658240                              {pd product} {ergonomic}
     bool SegmentedCodeCache                       = true                                      {product} {ergonomic}
   size_t SoftMaxHeapSize                          = 8573157376                             {manageable} {ergonomic}
     bool UseCompressedClassPointers               = true                                 {lp64_product} {ergonomic}
     bool UseCompressedOops                        = true                                 {lp64_product} {ergonomic}
     bool UseG1GC                                  = true                                      {product} {ergonomic}
     bool UseLargePagesIndividualAllocation        = false                                  {pd product} {ergonomic}

Logging:
Log output configuration:
 #0: stdout all=warning uptime,level,tags
 #1: stderr all=off uptime,level,tags

Environment Variables:
JAVA_HOME=C:\Program Files\Java\jdk-15.0.1
PATH=C:\WINDOWS;C:\WINDOWS;C:\WINDOWS;C:\WINDOWS;C:\WINDOWS;C:\Python39\Scripts\;C:\Python39\;C:\Ffmpeg\bin;C:\Program Files\Common Files\Oracle\Java\javapath;C:\Program Files (x86)\Razer\ChromaBroadcast\bin;C:\Program Files\Razer\ChromaBroadcast\bin;C:\Python27\;C:\Python27\Scripts;C:\Program Files (x86)\Razer Chroma SDK\bin;C:\Program Files\Razer Chroma SDK\bin;C:\Program Files (x86)\Intel\iCLS Client\;C:\Program Files\Intel\iCLS Client\;C:\Windows\system32;C:\Windows;C:\Windows\System32\Wbem;C:\Windows\System32\WindowsPowerShell\v1.0\;C:\Program Files\Intel\WiFi\bin\;C:\Program Files\Common Files\Intel\WirelessCommon\;C:\Program Files (x86)\Intel\Intel(R) Management Engine Components\DAL;C:\Program Files\Intel\Intel(R) Management Engine Components\DAL;C:\Program Files (x86)\Intel\Intel(R) Management Engine Components\IPT;C:\Program Files\Intel\Intel(R) Management Engine Components\IPT;C:\Program Files (x86)\Brackets\command;C:\Program Files (x86)\NVIDIA Corporation\PhysX\Common;C:\WINDOWS\system32;C:\WINDOWS;C:\WINDOWS\System32\Wbem;C:\WINDOWS\System32\WindowsPowerShell\v1.0\;C:\WINDOWS\system32\co;C:\Program Files\nodejs\;C:\ProgramData\chocolatey\bin;C:\Program Files\Java\jdk-15.0.1;C:\Users\jimmy\AppData\Local\Programs\Python\Python37\Scripts\;C:\Users\jimmy\AppData\Local\Programs\Python\Python37\;C:\Users\jimmy\AppData\Local\Microsoft\WindowsApps;C:\Users\jimmy\AppData\Local\Programs\Git\cmd;C:\Users\jimmy\AppData\Local\GitHubDesktop\bin;C:\Program Files (x86)\FAHClient;C:\Users\jimmy\AppData\Local\Microsoft\WindowsApps;C:\ProgramData\Microsoft\Windows\Start Menu\Programs\Node.js;C:\Users\jimmy\AppData\Roaming\npm;C:\Program Files\Java\jdk-15.0.1;
USERNAME=jimmy
OS=Windows_NT
PROCESSOR_IDENTIFIER=AMD64 Family 23 Model 113 Stepping 0, AuthenticAMD



---------------  S Y S T E M  ---------------

OS:
 Windows 10 , 64 bit Build 19041 (10.0.19041.928)
OS uptime: 0 days 19:23 hours

CPU: total 12 (initial active 12) (12 cores per cpu, 2 threads per core) family 23 model 113 stepping 0 microcode 0x0, cmov, cx8, fxsr, mmx, sse, sse2, sse3, ssse3, sse4.1, sse4.2, popcnt, vzeroupper, avx, avx2, aes, clmul, 3dnowpref, lzcnt, sse4a, ht, tsc, tscinvbit, tscinv, bmi1, bmi2, adx, sha, fma, clflush, clflushopt

Memory: 4k page, system-wide physical 32694M (24515M free)
TotalPageFile size 37558M (AvailPageFile size 25490M)
current process WorkingSet (physical memory assigned to process): 450M, peak: 450M
current process commit charge ("private bytes"): 779M, peak: 781M

vm_info: Java HotSpot(TM) 64-Bit Server VM (15.0.1+9-18) for windows-amd64 JRE (15.0.1+9-18), built on Sep 15 2020 14:43:54 by "mach5one" with unknown MS VC++:1925

END.
